This is pdfTeX, Version 3.141592653-2.6-1.40.24 (MiKTeX 22.7.30) (preloaded format=pdflatex 2022.8.7)  5 JUN 2023 11:29
entering extended mode
 restricted \write18 enabled.
 %&-line parsing enabled.
**C:/Users/phm1/AppData/Local/Temp/Rtmp2nifBM/Rd2pdfa78423a662e1/Rd2.tex
(C:/Users/phm1/AppData/Local/Temp/Rtmp2nifBM/Rd2pdfa78423a662e1/Rd2.tex
LaTeX2e <2022-06-01> patch level 5
L3 programming layer <2022-07-15>
(C:\Users\phm1\MiKTeX\tex/latex/base\book.cls
Document Class: book 2021/10/04 v1.4n Standard LaTeX document class
(C:\Users\phm1\MiKTeX\tex/latex/base\bk10.clo
File: bk10.clo 2021/10/04 v1.4n Standard LaTeX file (size option)
)
\c@part=\count185
\c@chapter=\count186
\c@section=\count187
\c@subsection=\count188
\c@subsubsection=\count189
\c@paragraph=\count190
\c@subparagraph=\count191
\c@figure=\count192
\c@table=\count193
\abovecaptionskip=\skip47
\belowcaptionskip=\skip48
\bibindent=\dimen138
)
(C:/Users/phm1/R-43~1.0/share/texmf/tex/latex\Rd.sty
Package: Rd 

(C:\Users\phm1\MiKTeX\tex/latex/base\ifthen.sty
Package: ifthen 2022/04/13 v1.1d Standard LaTeX ifthen package (DPC)
)
(C:\Users\phm1\MiKTeX\tex/latex/tools\longtable.sty
Package: longtable 2021-09-01 v4.17 Multi-page Table package (DPC)
\LTleft=\skip49
\LTright=\skip50
\LTpre=\skip51
\LTpost=\skip52
\LTchunksize=\count194
\LTcapwidth=\dimen139
\LT@head=\box51
\LT@firsthead=\box52
\LT@foot=\box53
\LT@lastfoot=\box54
\LT@gbox=\box55
\LT@cols=\count195
\LT@rows=\count196
\c@LT@tables=\count197
\c@LT@chunks=\count198
\LT@p@ftn=\toks16
)
(C:\Users\phm1\MiKTeX\tex/latex/tools\bm.sty
Package: bm 2021/04/25 v1.2e Bold Symbol Support (DPC/FMi)
\symboldoperators=\mathgroup4
\symboldletters=\mathgroup5
\symboldsymbols=\mathgroup6
Package bm Info: No bold for \OMX/cmex/m/n, using \pmb.
LaTeX Font Info:    Redeclaring math alphabet \mathbf on input line 149.
)
(C:\Users\phm1\MiKTeX\tex/latex/base\alltt.sty
Package: alltt 2021/01/29 v2.0g defines alltt environment
)
(C:\Users\phm1\MiKTeX\tex/latex/tools\verbatim.sty
Package: verbatim 2020-07-07 v1.5u LaTeX2e package for verbatim enhancements
\every@verbatim=\toks17
\verbatim@line=\toks18
\verbatim@in@stream=\read2
)
(C:\Users\phm1\MiKTeX\tex/latex/url\url.sty
\Urlmuskip=\muskip16
Package: url 2013/09/16  ver 3.4  Verb mode for urls, etc.
)
(C:\Users\phm1\MiKTeX\tex/latex/base\textcomp.sty
Package: textcomp 2020/02/02 v2.0n Standard LaTeX package
)
(C:\Users\phm1\MiKTeX\tex/latex/amsmath\amsmath.sty
Package: amsmath 2022/04/08 v2.17n AMS math features
\@mathmargin=\skip53

For additional information on amsmath, use the `?' option.
(C:\Users\phm1\MiKTeX\tex/latex/amsmath\amstext.sty
Package: amstext 2021/08/26 v2.01 AMS text

(C:\Users\phm1\MiKTeX\tex/latex/amsmath\amsgen.sty
File: amsgen.sty 1999/11/30 v2.0 generic functions
\@emptytoks=\toks19
\ex@=\dimen140
))
(C:\Users\phm1\MiKTeX\tex/latex/amsmath\amsbsy.sty
Package: amsbsy 1999/11/29 v1.2d Bold Symbols
LaTeX Info: Redefining \boldsymbol on input line 28.
\pmbraise@=\dimen141
)
(C:\Users\phm1\MiKTeX\tex/latex/amsmath\amsopn.sty
Package: amsopn 2022/04/08 v2.04 operator names
)
\inf@bad=\count199
LaTeX Info: Redefining \frac on input line 234.
\uproot@=\count266
\leftroot@=\count267
LaTeX Info: Redefining \overline on input line 399.
LaTeX Info: Redefining \colon on input line 410.
\classnum@=\count268
\DOTSCASE@=\count269
LaTeX Info: Redefining \ldots on input line 496.
LaTeX Info: Redefining \dots on input line 499.
LaTeX Info: Redefining \cdots on input line 620.
\Mathstrutbox@=\box56
\strutbox@=\box57
LaTeX Info: Redefining \big on input line 722.
LaTeX Info: Redefining \Big on input line 723.
LaTeX Info: Redefining \bigg on input line 724.
LaTeX Info: Redefining \Bigg on input line 725.
\big@size=\dimen142
LaTeX Font Info:    Redeclaring font encoding OML on input line 743.
LaTeX Font Info:    Redeclaring font encoding OMS on input line 744.
\macc@depth=\count270
LaTeX Info: Redefining \bmod on input line 905.
LaTeX Info: Redefining \pmod on input line 910.
LaTeX Info: Redefining \smash on input line 940.
LaTeX Info: Redefining \relbar on input line 970.
LaTeX Info: Redefining \Relbar on input line 971.
\c@MaxMatrixCols=\count271
\dotsspace@=\muskip17
\c@parentequation=\count272
\dspbrk@lvl=\count273
\tag@help=\toks20
\row@=\count274
\column@=\count275
\maxfields@=\count276
\andhelp@=\toks21
\eqnshift@=\dimen143
\alignsep@=\dimen144
\tagshift@=\dimen145
\tagwidth@=\dimen146
\totwidth@=\dimen147
\lineht@=\dimen148
\@envbody=\toks22
\multlinegap=\skip54
\multlinetaggap=\skip55
\mathdisplay@stack=\toks23
LaTeX Info: Redefining \[ on input line 2953.
LaTeX Info: Redefining \] on input line 2954.
)
(C:\Users\phm1\MiKTeX\tex/latex/amsfonts\amsfonts.sty
Package: amsfonts 2013/01/14 v3.01 Basic AMSFonts support
\symAMSa=\mathgroup7
\symAMSb=\mathgroup8
LaTeX Font Info:    Redeclaring math symbol \hbar on input line 98.
LaTeX Font Info:    Overwriting math alphabet `\mathfrak' in version `bold'
(Font)                  U/euf/m/n --> U/euf/b/n on input line 106.
)
(C:\Users\phm1\MiKTeX\tex/latex/amsfonts\amssymb.sty
Package: amssymb 2013/01/14 v3.01 AMS font symbols
)
(C:\Users\phm1\MiKTeX\tex/latex/jknappen\mathrsfs.sty
Package: mathrsfs 1996/01/01 Math RSFS package v1.0 (jk)
\symrsfs=\mathgroup9
)
\ldescriptionwidth=\skip56

(C:\Users\phm1\MiKTeX\tex/generic/iftex\iftex.sty
Package: iftex 2022/02/03 v1.0f TeX engine tests
)
(C:\Users\phm1\MiKTeX\tex/latex/base\fontenc.sty
Package: fontenc 2021/04/29 v2.0v Standard LaTeX package
)
(C:\Users\phm1\MiKTeX\tex/latex/psnfss\times.sty
Package: times 2020/03/25 PSNFSS-v9.3 (SPQR) 
)
(C:\Users\phm1\MiKTeX\tex/latex/inconsolata\zi4.sty
Package: zi4 2019/05/17 v1.12

`inconsolata-zi4' v1.12, 2019/05/17 Text macros for Inconsolata (msharpe)
(C:\Users\phm1\MiKTeX\tex/latex/xkeyval\xkeyval.sty
Package: xkeyval 2022/06/16 v2.9 package option processing (HA)

(C:\Users\phm1\MiKTeX\tex/generic/xkeyval\xkeyval.tex
(C:\Users\phm1\MiKTeX\tex/generic/xkeyval\xkvutils.tex
\XKV@toks=\toks24
\XKV@tempa@toks=\toks25

(C:\Users\phm1\MiKTeX\tex/generic/xkeyval\keyval.tex))
\XKV@depth=\count277
File: xkeyval.tex 2014/12/03 v2.7a key=value parser (HA)
))
\zifour@ocount=\count278
)
(C:\Users\phm1\MiKTeX\tex/latex/graphics\color.sty
Package: color 2022/01/06 v1.3d Standard LaTeX Color (DPC)

(C:\Users\phm1\MiKTeX\tex/latex/graphics-cfg\color.cfg
File: color.cfg 2016/01/02 v1.6 sample color configuration
)
Package color Info: Driver file: pdftex.def on input line 149.

(C:\Users\phm1\MiKTeX\tex/latex/graphics-def\pdftex.def
File: pdftex.def 2020/10/05 v1.2a Graphics/color driver for pdftex
)
(C:\Users\phm1\MiKTeX\tex/latex-dev/graphics\mathcolor.ltx))
(C:\Users\phm1\MiKTeX\tex/latex/hyperref\hyperref.sty
Package: hyperref 2022-06-20 v7.00s Hypertext links for LaTeX

(C:\Users\phm1\MiKTeX\tex/generic/ltxcmds\ltxcmds.sty
Package: ltxcmds 2020-05-10 v1.25 LaTeX kernel commands for general use (HO)
)
(C:\Users\phm1\MiKTeX\tex/generic/pdftexcmds\pdftexcmds.sty
Package: pdftexcmds 2020-06-27 v0.33 Utility functions of pdfTeX for LuaTeX (HO
)

(C:\Users\phm1\MiKTeX\tex/generic/infwarerr\infwarerr.sty
Package: infwarerr 2019/12/03 v1.5 Providing info/warning/error messages (HO)
)
Package pdftexcmds Info: \pdf@primitive is available.
Package pdftexcmds Info: \pdf@ifprimitive is available.
Package pdftexcmds Info: \pdfdraftmode found.
)
(C:\Users\phm1\MiKTeX\tex/generic/kvsetkeys\kvsetkeys.sty
Package: kvsetkeys 2019/12/15 v1.18 Key value parser (HO)
)
(C:\Users\phm1\MiKTeX\tex/generic/kvdefinekeys\kvdefinekeys.sty
Package: kvdefinekeys 2019-12-19 v1.6 Define keys (HO)
)
(C:\Users\phm1\MiKTeX\tex/generic/pdfescape\pdfescape.sty
Package: pdfescape 2019/12/09 v1.15 Implements pdfTeX's escape features (HO)
)
(C:\Users\phm1\MiKTeX\tex/latex/hycolor\hycolor.sty
Package: hycolor 2020-01-27 v1.10 Color options for hyperref/bookmark (HO)
)
(C:\Users\phm1\MiKTeX\tex/latex/letltxmacro\letltxmacro.sty
Package: letltxmacro 2019/12/03 v1.6 Let assignment for LaTeX macros (HO)
)
(C:\Users\phm1\MiKTeX\tex/latex/auxhook\auxhook.sty
Package: auxhook 2019-12-17 v1.6 Hooks for auxiliary files (HO)
)
(C:\Users\phm1\MiKTeX\tex/latex/hyperref\nameref.sty
Package: nameref 2022-05-17 v2.50 Cross-referencing by name of section

(C:\Users\phm1\MiKTeX\tex/latex/refcount\refcount.sty
Package: refcount 2019/12/15 v3.6 Data extraction from label references (HO)
)
(C:\Users\phm1\MiKTeX\tex/generic/gettitlestring\gettitlestring.sty
Package: gettitlestring 2019/12/15 v1.6 Cleanup title references (HO)

(C:\Users\phm1\MiKTeX\tex/latex/kvoptions\kvoptions.sty
Package: kvoptions 2022-06-15 v3.15 Key value format for package options (HO)
))
\c@section@level=\count279
)
\@linkdim=\dimen149
\Hy@linkcounter=\count280
\Hy@pagecounter=\count281

(C:\Users\phm1\MiKTeX\tex/latex/hyperref\pd1enc.def
File: pd1enc.def 2022-06-20 v7.00s Hyperref: PDFDocEncoding definition (HO)
Now handling font encoding PD1 ...
... no UTF-8 mapping file for font encoding PD1
)
(C:\Users\phm1\MiKTeX\tex/generic/intcalc\intcalc.sty
Package: intcalc 2019/12/15 v1.3 Expandable calculations with integers (HO)
)
(C:\Users\phm1\MiKTeX\tex/generic/etexcmds\etexcmds.sty
Package: etexcmds 2019/12/15 v1.7 Avoid name clashes with e-TeX commands (HO)
)
\Hy@SavedSpaceFactor=\count282

(C:\Users\phm1\MiKTeX\tex/latex/hyperref\puenc.def
File: puenc.def 2022-06-20 v7.00s Hyperref: PDF Unicode definition (HO)
Now handling font encoding PU ...
... no UTF-8 mapping file for font encoding PU
)
Package hyperref Info: Hyper figures OFF on input line 4162.
Package hyperref Info: Link nesting OFF on input line 4167.
Package hyperref Info: Hyper index ON on input line 4170.
Package hyperref Info: Plain pages OFF on input line 4177.
Package hyperref Info: Backreferencing OFF on input line 4182.
Package hyperref Info: Implicit mode ON; LaTeX internals redefined.
Package hyperref Info: Bookmarks ON on input line 4408.
\c@Hy@tempcnt=\count283
LaTeX Info: Redefining \url on input line 4746.
\XeTeXLinkMargin=\dimen150

(C:\Users\phm1\MiKTeX\tex/generic/bitset\bitset.sty
Package: bitset 2019/12/09 v1.3 Handle bit-vector datatype (HO)

(C:\Users\phm1\MiKTeX\tex/generic/bigintcalc\bigintcalc.sty
Package: bigintcalc 2019/12/15 v1.5 Expandable calculations on big integers (HO
)
))
\Fld@menulength=\count284
\Field@Width=\dimen151
\Fld@charsize=\dimen152
Package hyperref Info: Hyper figures OFF on input line 6024.
Package hyperref Info: Link nesting OFF on input line 6029.
Package hyperref Info: Hyper index ON on input line 6032.
Package hyperref Info: backreferencing OFF on input line 6039.
Package hyperref Info: Link coloring OFF on input line 6044.
Package hyperref Info: Link coloring with OCG OFF on input line 6049.
Package hyperref Info: PDF/A mode OFF on input line 6054.

(C:\Users\phm1\MiKTeX\tex/latex/base\atbegshi-ltx.sty
Package: atbegshi-ltx 2021/01/10 v1.0c Emulation of the original atbegshi
package with kernel methods
)
\Hy@abspage=\count285
\c@Item=\count286
\c@Hfootnote=\count287
)
Package hyperref Info: Driver (autodetected): hpdftex.

(C:\Users\phm1\MiKTeX\tex/latex/hyperref\hpdftex.def
File: hpdftex.def 2022-06-20 v7.00s Hyperref driver for pdfTeX

(C:\Users\phm1\MiKTeX\tex/latex/base\atveryend-ltx.sty
Package: atveryend-ltx 2020/08/19 v1.0a Emulation of the original atveryend pac
kage
with kernel methods
)
\Fld@listcount=\count288
\c@bookmark@seq@number=\count289

(C:\Users\phm1\MiKTeX\tex/latex/rerunfilecheck\rerunfilecheck.sty
Package: rerunfilecheck 2022-07-10 v1.10 Rerun checks for auxiliary files (HO)

(C:\Users\phm1\MiKTeX\tex/generic/uniquecounter\uniquecounter.sty
Package: uniquecounter 2019/12/15 v1.4 Provide unlimited unique counter (HO)
)
Package uniquecounter Info: New unique counter `rerunfilecheck' on input line 2
85.
)
\Hy@SectionHShift=\skip57
)
Package hyperref Info: Option `colorlinks' set `true' on input line 390.
Package hyperref Info: Option `linktocpage' set `true' on input line 390.
Package hyperref Info: Option `plainpages' set `false' on input line 390.
)
(C:\Users\phm1\MiKTeX\tex/latex/base\makeidx.sty
Package: makeidx 2021/10/04 v1.0m Standard LaTeX package
)
(C:\Users\phm1\MiKTeX\tex/latex/base\inputenc.sty
Package: inputenc 2021/02/14 v1.3d Input encoding file
\inpenc@prehook=\toks26
\inpenc@posthook=\toks27
)
\@indexfile=\write3
\openout3 = `Rd2.idx'.


Writing index file Rd2.idx
LaTeX Font Info:    Trying to load font information for T1+ptm on input line 8.

(C:\Users\phm1\MiKTeX\tex/latex/psnfss\t1ptm.fd
File: t1ptm.fd 2001/06/04 font definitions for T1/ptm.
)
(C:\Users\phm1\MiKTeX\tex/latex/l3backend\l3backend-pdftex.def
File: l3backend-pdftex.def 2022-07-01 L3 backend support: PDF output (pdfTeX)
\l__color_backend_stack_int=\count290
\l__pdf_internal_box=\box58
) (Rd2.aux)
\openout1 = `Rd2.aux'.

LaTeX Font Info:    Checking defaults for OML/cmm/m/it on input line 8.
LaTeX Font Info:    ... okay on input line 8.
LaTeX Font Info:    Checking defaults for OMS/cmsy/m/n on input line 8.
LaTeX Font Info:    ... okay on input line 8.
LaTeX Font Info:    Checking defaults for OT1/cmr/m/n on input line 8.
LaTeX Font Info:    ... okay on input line 8.
LaTeX Font Info:    Checking defaults for T1/cmr/m/n on input line 8.
LaTeX Font Info:    ... okay on input line 8.
LaTeX Font Info:    Checking defaults for TS1/cmr/m/n on input line 8.
LaTeX Font Info:    ... okay on input line 8.
LaTeX Font Info:    Checking defaults for OMX/cmex/m/n on input line 8.
LaTeX Font Info:    ... okay on input line 8.
LaTeX Font Info:    Checking defaults for U/cmr/m/n on input line 8.
LaTeX Font Info:    ... okay on input line 8.
LaTeX Font Info:    Checking defaults for PD1/pdf/m/n on input line 8.
LaTeX Font Info:    ... okay on input line 8.
LaTeX Font Info:    Checking defaults for PU/pdf/m/n on input line 8.
LaTeX Font Info:    ... okay on input line 8.

(C:\Users\phm1\MiKTeX\tex/context/base/mkii\supp-pdf.mkii
[Loading MPS to PDF converter (version 2006.09.02).]
\scratchcounter=\count291
\scratchdimen=\dimen153
\scratchbox=\box59
\nofMPsegments=\count292
\nofMParguments=\count293
\everyMPshowfont=\toks28
\MPscratchCnt=\count294
\MPscratchDim=\dimen154
\MPnumerator=\count295
\makeMPintoPDFobject=\count296
\everyMPtoPDFconversion=\toks29
)
Package hyperref Info: Link coloring ON on input line 8.
 (Rd2.out) (Rd2.out)
\@outlinefile=\write4
\openout4 = `Rd2.out'.

LaTeX Font Info:    Trying to load font information for TS1+ptm on input line 3
0.
 (C:\Users\phm1\MiKTeX\tex/latex/psnfss\ts1ptm.fd
File: ts1ptm.fd 2001/06/04 font definitions for TS1/ptm.
)
LaTeX Font Info:    Trying to load font information for T1+zi4 on input line 38
.

(C:\Users\phm1\MiKTeX\tex/latex/inconsolata\t1zi4.fd
File: t1zi4.fd 2018/01/14 T1/zi4 (Inconsolata)
)
LaTeX Font Info:    Font shape `T1/zi4/m/n' will be
(Font)              scaled to size 10.0pt on input line 38.
LaTeX Font Info:    Trying to load font information for U+msa on input line 38.


(C:\Users\phm1\MiKTeX\tex/latex/amsfonts\umsa.fd
File: umsa.fd 2013/01/14 v3.01 AMS symbols A
)
LaTeX Font Info:    Trying to load font information for U+msb on input line 38.


(C:\Users\phm1\MiKTeX\tex/latex/amsfonts\umsb.fd
File: umsb.fd 2013/01/14 v3.01 AMS symbols B
)
LaTeX Font Info:    Trying to load font information for U+rsfs on input line 38
.

(C:\Users\phm1\MiKTeX\tex/latex/jknappen\ursfs.fd
File: ursfs.fd 1998/03/24 rsfs font definition file (jk)
)
LaTeX Font Info:    Trying to load font information for T1+phv on input line 48
.

(C:\Users\phm1\MiKTeX\tex/latex/psnfss\t1phv.fd
File: t1phv.fd 2020/03/25 scalable font definitions for T1/phv.
) (Rd2.toc [1


{C:/Users/phm1/AppData/Local/MiKTeX/fonts/map/pdftex/pdftex.map}])
\tf@toc=\write5
\openout5 = `Rd2.toc'.

LaTeX Font Info:    Font shape `T1/zi4/m/n' will be
(Font)              scaled to size 9.0pt on input line 65.
 [2]
LaTeX Font Info:    Trying to load font information for TS1+zi4 on input line 1
28.

(C:\Users\phm1\MiKTeX\tex/latex/inconsolata\ts1zi4.fd
File: ts1zi4.fd 2018/01/14 TS1/zi4 (Inconsolata)
)
LaTeX Font Info:    Font shape `TS1/zi4/m/n' will be
(Font)              scaled to size 10.0pt on input line 128.

Overfull \hbox (69.67807pt too wide) in paragraph at lines 126--129
[]\T1/ptm/m/n/10 a data frame, list or en-vi-ron-ment (or ob-ject co-ercible to
 a data frame by []\T1/zi4/m/n/10 base::as.data.frame()[]\T1/ptm/m/n/10 )
 []

[3]
Overfull \hbox (2.3594pt too wide) in paragraph at lines 164--168
\T1/ptm/m/n/10 The fol-low-ing val-ues are avail-able: []\T1/zi4/m/n/10 "zero"[
]\T1/ptm/m/n/10 , []\T1/zi4/m/n/10 "random"[]\T1/ptm/m/n/10 , []\T1/zi4/m/n/10 
"constant" []\T1/ptm/m/n/10 and []\T1/zi4/m/n/10 "sann"[]\T1/ptm/m/n/10 .
 []

[4]
Overfull \hbox (22.68924pt too wide) in paragraph at lines 231--254
\T1/ptm/m/n/10 ar-gu-ment []\TS1/zi4/m/n/10 '\T1/zi4/m/n/10 optim.method\TS1/zi
4/m/n/10 ' []\T1/ptm/m/n/10 ac-cepts the fol-low-ing meth-ods: []\T1/zi4/m/n/10
 "Nelder-Mead"[]\T1/ptm/m/n/10 , []\T1/zi4/m/n/10 "BFGS"[]\T1/ptm/m/n/10 , []\T
1/zi4/m/n/10 "CG"[]\T1/ptm/m/n/10 , []\T1/zi4/m/n/10 "L-BFGS-B"[]\T1/ptm/m/n/10
 ,
 []


Overfull \hbox (8.21799pt too wide) in paragraph at lines 255--267
[]\T1/zi4/m/n/10 "random" []\T1/ptm/m/n/10 draws ran-dom start-ing val-ues from
 a stan-dard nor-mal dis-tri-bu-tion. The method []\T1/zi4/m/n/10 "constant"
 []

[5]
Overfull \hbox (2.12766pt too wide) in paragraph at lines 357--360
\T1/ptm/m/n/10 com-po-nent means ("beta") and prob-a-bil-i-ties of com-po-nent 
mem-ber-ship ("delta"). 
 []

[6] [7]
Overfull \hbox (69.67807pt too wide) in paragraph at lines 476--479
[]\T1/ptm/m/n/10 a data frame, list or en-vi-ron-ment (or ob-ject co-ercible to
 a data frame by []\T1/zi4/m/n/10 base::as.data.frame()[]\T1/ptm/m/n/10 )
 []


Overfull \hbox (2.3594pt too wide) in paragraph at lines 514--518
\T1/ptm/m/n/10 The fol-low-ing val-ues are avail-able: []\T1/zi4/m/n/10 "zero"[
]\T1/ptm/m/n/10 , []\T1/zi4/m/n/10 "random"[]\T1/ptm/m/n/10 , []\T1/zi4/m/n/10 
"constant" []\T1/ptm/m/n/10 and []\T1/zi4/m/n/10 "sann"[]\T1/ptm/m/n/10 .
 []

[8]
Overfull \hbox (3.448pt too wide) in paragraph at lines 561--566
\T1/ptm/m/n/10 clud-ing re-gres-sion co-ef-fi-cients in dif-fer-ent com-po-nent
s (e.g. "Comp1", "Comp2",
 []

[9]
Overfull \hbox (3.448pt too wide) in paragraph at lines 636--641
\T1/ptm/m/n/10 clud-ing re-gres-sion co-ef-fi-cients in dif-fer-ent com-po-nent
s (e.g. "Comp1", "Comp2",
 []

[10]
Overfull \hbox (3.448pt too wide) in paragraph at lines 719--724
\T1/ptm/m/n/10 clud-ing re-gres-sion co-ef-fi-cients in dif-fer-ent com-po-nent
s (e.g. "Comp1", "Comp2",
 []

[11]
Overfull \hbox (3.448pt too wide) in paragraph at lines 758--763
\T1/ptm/m/n/10 clud-ing re-gres-sion co-ef-fi-cients in dif-fer-ent com-po-nent
s (e.g. "Comp1", "Comp2",
 []


Overfull \hbox (22.53798pt too wide) in paragraph at lines 776--784
\T1/ptm/m/n/10 (la-bel []\T1/zi4/m/n/10 "delta"[]\T1/ptm/m/n/10 ), con-stant pa
-ram-e-ters of com-po-nent dis-tri-bu-tions (la-bel []\T1/zi4/m/n/10 "lnsigma" 
[]\T1/ptm/m/n/10 for []\T1/zi4/m/n/10 dist=="normal"[]\T1/ptm/m/n/10 ),
 []

[12]
Overfull \hbox (3.57808pt too wide) in paragraph at lines 846--850
[]\T1/zi4/m/n/10 aldvmm.gr() []\T1/ptm/m/n/10 cal-cu-lates nu-mer-i-cal gra-di-
ents of the neg-a-tive log-likelihood re-turned by []\T1/zi4/m/n/10 aldvmm.ll()

 []

[13]
Overfull \hbox (3.448pt too wide) in paragraph at lines 891--896
\T1/ptm/m/n/10 clud-ing re-gres-sion co-ef-fi-cients in dif-fer-ent com-po-nent
s (e.g. "Comp1", "Comp2",
 []

[14]
Overfull \hbox (2.3594pt too wide) in paragraph at lines 984--988
\T1/ptm/m/n/10 The fol-low-ing val-ues are avail-able: []\T1/zi4/m/n/10 "zero"[
]\T1/ptm/m/n/10 , []\T1/zi4/m/n/10 "random"[]\T1/ptm/m/n/10 , []\T1/zi4/m/n/10 
"constant" []\T1/ptm/m/n/10 and []\T1/zi4/m/n/10 "sann"[]\T1/ptm/m/n/10 .
 []

[15]
Overfull \hbox (3.448pt too wide) in paragraph at lines 1036--1041
\T1/ptm/m/n/10 clud-ing re-gres-sion co-ef-fi-cients in dif-fer-ent com-po-nent
s (e.g. "Comp1", "Comp2",
 []


Overfull \hbox (2.6886pt too wide) in paragraph at lines 1045--1056
[]\TS1/zi4/m/n/10 '\T1/zi4/m/n/10 init.method\TS1/zi4/m/n/10 ' []\T1/ptm/m/n/10
 ac-cepts four meth-ods for gen-er-at-ing ini-tial val-ues: []\T1/zi4/m/n/10 "z
ero"[]\T1/ptm/m/n/10 , []\T1/zi4/m/n/10 "random"[]\T1/ptm/m/n/10 , []\T1/zi4/m/
n/10 "constant"[]\T1/ptm/m/n/10 ,
 []

[16]
Overfull \hbox (3.448pt too wide) in paragraph at lines 1130--1135
\T1/ptm/m/n/10 clud-ing re-gres-sion co-ef-fi-cients in dif-fer-ent com-po-nent
s (e.g. "Comp1", "Comp2",
 []

[17]
Underfull \hbox (badness 10000) in paragraph at lines 1175--1178

 []


Overfull \hbox (8.45949pt too wide) in paragraph at lines 1199--1201
[]\T1/ptm/m/n/10 an ob-ject of class []\T1/zi4/m/n/10 "Formula" []\T1/ptm/m/n/1
0 cre-ated by []\T1/zi4/m/n/10 Formula::Formula []\T1/ptm/m/n/10 based on the [
]\T1/zi4/m/n/10 formula
 []


Overfull \hbox (2.6681pt too wide) in paragraph at lines 1214--1222
\T1/ptm/m/n/10 dis-tri-bu-tions ([]\T1/zi4/m/n/10 "beta"[]\T1/ptm/m/n/10 ) and 
prob-a-bil-i-ties of com-po-nent mem-ber-ship ([]\T1/zi4/m/n/10 "delta"[]\T1/pt
m/m/n/10 ) based on a []\TS1/zi4/m/n/10 '\T1/zi4/m/n/10 Formula\TS1/zi4/m/n/10 
'
 []

[18] [19]
Overfull \hbox (3.448pt too wide) in paragraph at lines 1286--1291
\T1/ptm/m/n/10 clud-ing re-gres-sion co-ef-fi-cients in dif-fer-ent com-po-nent
s (e.g. "Comp1", "Comp2",
 []

[20]
Overfull \hbox (3.448pt too wide) in paragraph at lines 1385--1390
\T1/ptm/m/n/10 clud-ing re-gres-sion co-ef-fi-cients in dif-fer-ent com-po-nent
s (e.g. "Comp1", "Comp2",
 []


Underfull \hbox (badness 10000) in paragraph at lines 1421--1424

 []

[21]
Overfull \hbox (16.03882pt too wide) in paragraph at lines 1476--1481
[]\TS1/zi4/m/n/10 '\T1/zi4/m/n/10 formula\TS1/zi4/m/n/10 ' []\T1/ptm/m/n/10 sup
-plied to []\T1/zi4/m/n/10 aldvmm() []\T1/ptm/m/n/10 plus ad-di-tional at-tribu
tes de-rived from []\TS1/zi4/m/n/10 '\T1/zi4/m/n/10 formula\TS1/zi4/m/n/10 '[]\
T1/ptm/m/n/10 . 
 []


Overfull \hbox (18.45949pt too wide) in paragraph at lines 1482--1486
[]\T1/ptm/m/n/10 an ob-ject of class []\TS1/zi4/m/n/10 '\T1/zi4/m/n/10 Formula\
TS1/zi4/m/n/10 ' []\T1/ptm/m/n/10 cre-ated by []\T1/zi4/m/n/10 Formula::Formula
 []\T1/ptm/m/n/10 based on the []\TS1/zi4/m/n/10 '\T1/zi4/m/n/10 formula\TS1/zi
4/m/n/10 '
 []

[22] [23] [24] [25] [26]
Overfull \hbox (2.12766pt too wide) in paragraph at lines 1776--1779
\T1/ptm/m/n/10 com-po-nent means ("beta") and prob-a-bil-i-ties of com-po-nent 
mem-ber-ship ("delta"). 
 []

[27]
LaTeX Font Info:    Font shape `TS1/zi4/m/n' will be
(Font)              scaled to size 9.0pt on input line 1841.
 [28] (Rd2.ind [29] [30


]) (Rd2.aux)
Package rerunfilecheck Info: File `Rd2.out' has not changed.
(rerunfilecheck)             Checksum: 87878B73D41EC2552B3D8CCA3DAAE9D3;2835.
 ) 
Here is how much of TeX's memory you used:
 10625 strings out of 478337
 161641 string characters out of 2847926
 466174 words of memory out of 3000000
 28663 multiletter control sequences out of 15000+600000
 506594 words of font info for 75 fonts, out of 8000000 for 9000
 1141 hyphenation exceptions out of 8191
 89i,6n,93p,334b,694s stack positions out of 10000i,1000n,20000p,200000b,80000s
{C:/Users/phm1/MiKTeX/fonts/enc/dvips/inconsolata/i4-ts1.enc}{C:/Users/phm1/M
iKTeX/fonts/enc/dvips/base/8r.enc}{C:/Users/phm1/MiKTeX/fonts/enc/dvips/inconso
lata/i4-t1-0.enc}<C:/Users/phm1/MiKTeX/fonts/type1/public/inconsolata/Inconsola
ta-zi4r.pfb><C:/Users/phm1/MiKTeX/fonts/type1/public/amsfonts/cm/cmex10.pfb><C:
/Users/phm1/MiKTeX/fonts/type1/public/amsfonts/cmextra/cmex7.pfb><C:/Users/phm1
/MiKTeX/fonts/type1/public/amsfonts/cm/cmmi10.pfb><C:/Users/phm1/MiKTeX/fonts/t
ype1/public/amsfonts/cm/cmmi5.pfb><C:/Users/phm1/MiKTeX/fonts/type1/public/amsf
onts/cm/cmmi7.pfb><C:/Users/phm1/MiKTeX/fonts/type1/public/amsfonts/cm/cmr10.pf
b><C:/Users/phm1/MiKTeX/fonts/type1/public/amsfonts/cm/cmr5.pfb><C:/Users/phm1/
MiKTeX/fonts/type1/public/amsfonts/cm/cmr7.pfb><C:/Users/phm1/MiKTeX/fonts/type
1/public/amsfonts/cm/cmsy10.pfb><C:/Users/phm1/MiKTeX/fonts/type1/public/amsfon
ts/cm/cmsy7.pfb><C:/Users/phm1/MiKTeX/fonts/type1/urw/helvetic/uhvr8a.pfb><C:/U
sers/phm1/MiKTeX/fonts/type1/urw/times/utmb8a.pfb><C:/Users/phm1/MiKTeX/fonts/t
ype1/urw/times/utmr8a.pfb><C:/Users/phm1/MiKTeX/fonts/type1/urw/times/utmr8a.pf
b><C:/Users/phm1/MiKTeX/fonts/type1/urw/times/utmri8a.pfb>
Output written on Rd2.pdf (30 pages, 305884 bytes).
PDF statistics:
 562 PDF objects out of 1000 (max. 8388607)
 197 named destinations out of 1000 (max. 500000)
 209 words of extra memory for PDF output out of 10000 (max. 10000000)

