This is pdfTeX, Version 3.141592653-2.6-1.40.22 (MiKTeX 21.6) (preloaded format=pdflatex 2021.7.18)  18 JUL 2021 13:46
entering extended mode
**C:/Users/phm1/AppData/Local/Temp/RtmpkVcEK4/Rd2pdf1d047405cc6/Rd2.tex
(C:/Users/phm1/AppData/Local/Temp/RtmpkVcEK4/Rd2pdf1d047405cc6/Rd2.tex
LaTeX2e <2021-06-01>
L3 programming layer <2021-06-01>
(C:\Users\phm1\MiKTeX\tex/latex/base\book.cls
Document Class: book 2021/02/12 v1.4n Standard LaTeX document class
(C:\Users\phm1\MiKTeX\tex/latex/base\bk10.clo
File: bk10.clo 2021/02/12 v1.4n Standard LaTeX file (size option)
)
\c@part=\count182
\c@chapter=\count183
\c@section=\count184
\c@subsection=\count185
\c@subsubsection=\count186
\c@paragraph=\count187
\c@subparagraph=\count188
\c@figure=\count189
\c@table=\count190
\abovecaptionskip=\skip47
\belowcaptionskip=\skip48
\bibindent=\dimen138
)
(C:/Users/phm1/R-41~1.0/share/texmf/tex/latex\Rd.sty
Package: Rd 

(C:\Users\phm1\MiKTeX\tex/latex/base\ifthen.sty
Package: ifthen 2020/11/24 v1.1c Standard LaTeX ifthen package (DPC)
)
(C:\Users\phm1\MiKTeX\tex/latex/tools\longtable.sty
Package: longtable 2021-05-07 v4.16 Multi-page Table package (DPC)
\LTleft=\skip49
\LTright=\skip50
\LTpre=\skip51
\LTpost=\skip52
\LTchunksize=\count191
\LTcapwidth=\dimen139
\LT@head=\box50
\LT@firsthead=\box51
\LT@foot=\box52
\LT@lastfoot=\box53
\LT@gbox=\box54
\LT@cols=\count192
\LT@rows=\count193
\c@LT@tables=\count194
\c@LT@chunks=\count195
\LT@p@ftn=\toks16
)
(C:\Users\phm1\MiKTeX\tex/latex/tools\bm.sty
Package: bm 2021/04/25 v1.2e Bold Symbol Support (DPC/FMi)
\symboldoperators=\mathgroup4
\symboldletters=\mathgroup5
\symboldsymbols=\mathgroup6
Package bm Info: No bold for \OMX/cmex/m/n, using \pmb.
LaTeX Font Info:    Redeclaring math alphabet \mathbf on input line 149.
)
(C:\Users\phm1\MiKTeX\tex/latex/base\alltt.sty
Package: alltt 2021/01/29 v2.0g defines alltt environment
)
(C:\Users\phm1\MiKTeX\tex/latex/tools\verbatim.sty
Package: verbatim 2020-07-07 v1.5u LaTeX2e package for verbatim enhancements
\every@verbatim=\toks17
\verbatim@line=\toks18
\verbatim@in@stream=\read2
)
(C:\Users\phm1\MiKTeX\tex/latex/url\url.sty
\Urlmuskip=\muskip16
Package: url 2013/09/16  ver 3.4  Verb mode for urls, etc.
)
(C:\Users\phm1\MiKTeX\tex/latex/base\textcomp.sty
Package: textcomp 2020/02/02 v2.0n Standard LaTeX package
)
\ldescriptionwidth=\skip53

(C:\Users\phm1\MiKTeX\tex/latex/base\fontenc.sty
Package: fontenc 2021/04/29 v2.0v Standard LaTeX package
)
(C:\Users\phm1\MiKTeX\tex/latex/psnfss\times.sty
Package: times 2020/03/25 PSNFSS-v9.3 (SPQR) 
)
(C:\Users\phm1\MiKTeX\tex/latex/inconsolata\zi4.sty
Package: zi4 2019/05/17 v1.12

`inconsolata-zi4' v1.12, 2019/05/17 Text macros for Inconsolata (msharpe)
(C:\Users\phm1\MiKTeX\tex/latex/xkeyval\xkeyval.sty
Package: xkeyval 2020/11/20 v2.8 package option processing (HA)

(C:\Users\phm1\MiKTeX\tex/generic/xkeyval\xkeyval.tex
(C:\Users\phm1\MiKTeX\tex/generic/xkeyval\xkvutils.tex
\XKV@toks=\toks19
\XKV@tempa@toks=\toks20

(C:\Users\phm1\MiKTeX\tex/generic/xkeyval\keyval.tex))
\XKV@depth=\count196
File: xkeyval.tex 2014/12/03 v2.7a key=value parser (HA)
))
\zifour@ocount=\count197
)
(C:\Users\phm1\MiKTeX\tex/latex/graphics\color.sty
Package: color 2020/02/24 v1.2b Standard LaTeX Color (DPC)

(C:\Users\phm1\MiKTeX\tex/latex/graphics-cfg\color.cfg
File: color.cfg 2016/01/02 v1.6 sample color configuration
)
Package color Info: Driver file: pdftex.def on input line 149.

(C:\Users\phm1\MiKTeX\tex/latex/graphics-def\pdftex.def
File: pdftex.def 2020/10/05 v1.2a Graphics/color driver for pdftex
))
(C:\Users\phm1\MiKTeX\tex/latex/hyperref\hyperref.sty
Package: hyperref 2021-06-05 v7.00l Hypertext links for LaTeX

(C:\Users\phm1\MiKTeX\tex/generic/ltxcmds\ltxcmds.sty
Package: ltxcmds 2020-05-10 v1.25 LaTeX kernel commands for general use (HO)
)
(C:\Users\phm1\MiKTeX\tex/generic/iftex\iftex.sty
Package: iftex 2020/03/06 v1.0d TeX engine tests
)
(C:\Users\phm1\MiKTeX\tex/generic/pdftexcmds\pdftexcmds.sty
Package: pdftexcmds 2020-06-27 v0.33 Utility functions of pdfTeX for LuaTeX (HO
)

(C:\Users\phm1\MiKTeX\tex/generic/infwarerr\infwarerr.sty
Package: infwarerr 2019/12/03 v1.5 Providing info/warning/error messages (HO)
)
Package pdftexcmds Info: \pdf@primitive is available.
Package pdftexcmds Info: \pdf@ifprimitive is available.
Package pdftexcmds Info: \pdfdraftmode found.
)
(C:\Users\phm1\MiKTeX\tex/generic/kvsetkeys\kvsetkeys.sty
Package: kvsetkeys 2019/12/15 v1.18 Key value parser (HO)
)
(C:\Users\phm1\MiKTeX\tex/generic/kvdefinekeys\kvdefinekeys.sty
Package: kvdefinekeys 2019-12-19 v1.6 Define keys (HO)
)
(C:\Users\phm1\MiKTeX\tex/generic/pdfescape\pdfescape.sty
Package: pdfescape 2019/12/09 v1.15 Implements pdfTeX's escape features (HO)
)
(C:\Users\phm1\MiKTeX\tex/latex/hycolor\hycolor.sty
Package: hycolor 2020-01-27 v1.10 Color options for hyperref/bookmark (HO)
)
(C:\Users\phm1\MiKTeX\tex/latex/letltxmacro\letltxmacro.sty
Package: letltxmacro 2019/12/03 v1.6 Let assignment for LaTeX macros (HO)
)
(C:\Users\phm1\MiKTeX\tex/latex/auxhook\auxhook.sty
Package: auxhook 2019-12-17 v1.6 Hooks for auxiliary files (HO)
)
(C:\Users\phm1\MiKTeX\tex/latex/kvoptions\kvoptions.sty
Package: kvoptions 2020-10-07 v3.14 Key value format for package options (HO)
)
\@linkdim=\dimen140
\Hy@linkcounter=\count198
\Hy@pagecounter=\count199

(C:\Users\phm1\MiKTeX\tex/latex/hyperref\pd1enc.def
File: pd1enc.def 2021-06-05 v7.00l Hyperref: PDFDocEncoding definition (HO)
Now handling font encoding PD1 ...
... no UTF-8 mapping file for font encoding PD1
)
(C:\Users\phm1\MiKTeX\tex/latex/hyperref\hyperref-langpatches.def
File: hyperref-langpatches.def 2021-06-05 v7.00l Hyperref: patches for babel la
nguages
)
(C:\Users\phm1\MiKTeX\tex/generic/intcalc\intcalc.sty
Package: intcalc 2019/12/15 v1.3 Expandable calculations with integers (HO)
)
(C:\Users\phm1\MiKTeX\tex/generic/etexcmds\etexcmds.sty
Package: etexcmds 2019/12/15 v1.7 Avoid name clashes with e-TeX commands (HO)
)
\Hy@SavedSpaceFactor=\count266

(C:\Users\phm1\MiKTeX\tex/latex/hyperref\puenc.def
File: puenc.def 2021-06-05 v7.00l Hyperref: PDF Unicode definition (HO)
Now handling font encoding PU ...
... no UTF-8 mapping file for font encoding PU
)
Package hyperref Info: Hyper figures OFF on input line 4192.
Package hyperref Info: Link nesting OFF on input line 4197.
Package hyperref Info: Hyper index ON on input line 4200.
Package hyperref Info: Plain pages OFF on input line 4207.
Package hyperref Info: Backreferencing OFF on input line 4212.
Package hyperref Info: Implicit mode ON; LaTeX internals redefined.
Package hyperref Info: Bookmarks ON on input line 4445.
\c@Hy@tempcnt=\count267
LaTeX Info: Redefining \url on input line 4804.
\XeTeXLinkMargin=\dimen141

(C:\Users\phm1\MiKTeX\tex/generic/bitset\bitset.sty
Package: bitset 2019/12/09 v1.3 Handle bit-vector datatype (HO)

(C:\Users\phm1\MiKTeX\tex/generic/bigintcalc\bigintcalc.sty
Package: bigintcalc 2019/12/15 v1.5 Expandable calculations on big integers (HO
)
))
\Fld@menulength=\count268
\Field@Width=\dimen142
\Fld@charsize=\dimen143
Package hyperref Info: Hyper figures OFF on input line 6076.
Package hyperref Info: Link nesting OFF on input line 6081.
Package hyperref Info: Hyper index ON on input line 6084.
Package hyperref Info: backreferencing OFF on input line 6091.
Package hyperref Info: Link coloring OFF on input line 6096.
Package hyperref Info: Link coloring with OCG OFF on input line 6101.
Package hyperref Info: PDF/A mode OFF on input line 6106.
LaTeX Info: Redefining \ref on input line 6146.
LaTeX Info: Redefining \pageref on input line 6150.

(C:\Users\phm1\MiKTeX\tex/latex/base\atbegshi-ltx.sty
Package: atbegshi-ltx 2021/01/10 v1.0c Emulation of the original atbegshi
package with kernel methods
)
\Hy@abspage=\count269
\c@Item=\count270
\c@Hfootnote=\count271
)
Package hyperref Info: Driver (autodetected): hpdftex.

(C:\Users\phm1\MiKTeX\tex/latex/hyperref\hpdftex.def
File: hpdftex.def 2021-06-05 v7.00l Hyperref driver for pdfTeX

(C:\Users\phm1\MiKTeX\tex/latex/base\atveryend-ltx.sty
Package: atveryend-ltx 2020/08/19 v1.0a Emulation of the original atvery packag
e
with kernel methods
)
\Fld@listcount=\count272
\c@bookmark@seq@number=\count273

(C:\Users\phm1\MiKTeX\tex/latex/rerunfilecheck\rerunfilecheck.sty
Package: rerunfilecheck 2019/12/05 v1.9 Rerun checks for auxiliary files (HO)

(C:\Users\phm1\MiKTeX\tex/generic/uniquecounter\uniquecounter.sty
Package: uniquecounter 2019/12/15 v1.4 Provide unlimited unique counter (HO)
)
Package uniquecounter Info: New unique counter `rerunfilecheck' on input line 2
86.
)
\Hy@SectionHShift=\skip54
)

Package hyperref Warning: Option `hyperindex' has already been used,
(hyperref)                setting the option has no effect on input line 377.

Package hyperref Info: Option `colorlinks' set `true' on input line 377.

Package hyperref Warning: Option `pagebackref' has already been used,
(hyperref)                setting the option has no effect on input line 377.

Package hyperref Info: Option `linktocpage' set `true' on input line 377.
Package hyperref Info: Option `plainpages' set `false' on input line 377.
) (C:\Users\phm1\MiKTeX\tex/latex/base\makeidx.sty
Package: makeidx 2014/09/29 v1.0m Standard LaTeX package
)
(C:\Users\phm1\MiKTeX\tex/latex/base\inputenc.sty
Package: inputenc 2021/02/14 v1.3d Input encoding file
\inpenc@prehook=\toks21
\inpenc@posthook=\toks22
)
\@indexfile=\write3
\openout3 = `Rd2.idx'.


Writing index file Rd2.idx
LaTeX Font Info:    Trying to load font information for T1+ptm on input line 8.

(C:\Users\phm1\MiKTeX\tex/latex/psnfss\t1ptm.fd
File: t1ptm.fd 2001/06/04 font definitions for T1/ptm.
)
(C:\Users\phm1\MiKTeX\tex/latex/l3backend\l3backend-pdftex.def
File: l3backend-pdftex.def 2021-05-07 L3 backend support: PDF output (pdfTeX)
\l__color_backend_stack_int=\count274
\l__pdf_internal_box=\box55
) (Rd2.aux)
\openout1 = `Rd2.aux'.

LaTeX Font Info:    Checking defaults for OML/cmm/m/it on input line 8.
LaTeX Font Info:    ... okay on input line 8.
LaTeX Font Info:    Checking defaults for OMS/cmsy/m/n on input line 8.
LaTeX Font Info:    ... okay on input line 8.
LaTeX Font Info:    Checking defaults for OT1/cmr/m/n on input line 8.
LaTeX Font Info:    ... okay on input line 8.
LaTeX Font Info:    Checking defaults for T1/cmr/m/n on input line 8.
LaTeX Font Info:    ... okay on input line 8.
LaTeX Font Info:    Checking defaults for TS1/cmr/m/n on input line 8.
LaTeX Font Info:    ... okay on input line 8.
LaTeX Font Info:    Checking defaults for OMX/cmex/m/n on input line 8.
LaTeX Font Info:    ... okay on input line 8.
LaTeX Font Info:    Checking defaults for U/cmr/m/n on input line 8.
LaTeX Font Info:    ... okay on input line 8.
LaTeX Font Info:    Checking defaults for PD1/pdf/m/n on input line 8.
LaTeX Font Info:    ... okay on input line 8.
LaTeX Font Info:    Checking defaults for PU/pdf/m/n on input line 8.
LaTeX Font Info:    ... okay on input line 8.

(C:\Users\phm1\MiKTeX\tex/context/base/mkii\supp-pdf.mkii
[Loading MPS to PDF converter (version 2006.09.02).]
\scratchcounter=\count275
\scratchdimen=\dimen144
\scratchbox=\box56
\nofMPsegments=\count276
\nofMParguments=\count277
\everyMPshowfont=\toks23
\MPscratchCnt=\count278
\MPscratchDim=\dimen145
\MPnumerator=\count279
\makeMPintoPDFobject=\count280
\everyMPtoPDFconversion=\toks24
)
Package hyperref Info: Link coloring ON on input line 8.
 (C:\Users\phm1\MiKTeX\tex/latex/hyperref\nameref.sty
Package: nameref 2021-04-02 v2.47 Cross-referencing by name of section

(C:\Users\phm1\MiKTeX\tex/latex/refcount\refcount.sty
Package: refcount 2019/12/15 v3.6 Data extraction from label references (HO)
)
(C:\Users\phm1\MiKTeX\tex/generic/gettitlestring\gettitlestring.sty
Package: gettitlestring 2019/12/15 v1.6 Cleanup title references (HO)
)
\c@section@level=\count281
)
LaTeX Info: Redefining \ref on input line 8.
LaTeX Info: Redefining \pageref on input line 8.
LaTeX Info: Redefining \nameref on input line 8.
 (Rd2.out) (Rd2.out)
\@outlinefile=\write4
\openout4 = `Rd2.out'.

LaTeX Font Info:    Trying to load font information for TS1+ptm on input line 2
8.
 (C:\Users\phm1\MiKTeX\tex/latex/psnfss\ts1ptm.fd
File: ts1ptm.fd 2001/06/04 font definitions for TS1/ptm.
)
LaTeX Font Info:    Trying to load font information for T1+zi4 on input line 36
.

(C:\Users\phm1\MiKTeX\tex/latex/inconsolata\t1zi4.fd
File: t1zi4.fd 2018/01/14 T1/zi4 (Inconsolata)
)
LaTeX Font Info:    Font shape `T1/zi4/m/n' will be
(Font)              scaled to size 10.0pt on input line 36.
LaTeX Font Info:    External font `cmex10' loaded for size
(Font)              <7> on input line 36.
LaTeX Font Info:    External font `cmex10' loaded for size
(Font)              <5> on input line 36.
LaTeX Font Info:    Trying to load font information for T1+phv on input line 46
.

(C:\Users\phm1\MiKTeX\tex/latex/psnfss\t1phv.fd
File: t1phv.fd 2020/03/25 scalable font definitions for T1/phv.
) (Rd2.toc [1


{C:/Users/phm1/AppData/Local/MiKTeX/pdftex/config/pdftex.map}])
\tf@toc=\write5
\openout5 = `Rd2.toc'.

LaTeX Font Info:    Font shape `T1/zi4/m/n' will be
(Font)              scaled to size 9.0pt on input line 63.
 [2]
LaTeX Font Info:    Trying to load font information for TS1+zi4 on input line 1
25.

(C:\Users\phm1\MiKTeX\tex/latex/inconsolata\ts1zi4.fd
File: ts1zi4.fd 2018/01/14 TS1/zi4 (Inconsolata)
)
LaTeX Font Info:    Font shape `TS1/zi4/m/n' will be
(Font)              scaled to size 10.0pt on input line 125.

Overfull \hbox (9.03893pt too wide) in paragraph at lines 141--149
\T1/ptm/m/n/10 used when lower and/or up-per con-straints are set us-ing \TS1/z
i4/m/n/10 '\T1/zi4/m/n/10 init.lo\TS1/zi4/m/n/10 ' \T1/ptm/m/n/10 and \TS1/zi4/
m/n/10 '\T1/zi4/m/n/10 init.hi\TS1/zi4/m/n/10 '\T1/ptm/m/n/10 .
 []

[3]
Overfull \hbox (2.3594pt too wide) in paragraph at lines 161--165
\T1/ptm/m/n/10 The fol-low-ing val-ues are avail-able: \T1/zi4/m/n/10 "zero"\T1
/ptm/m/n/10 , \T1/zi4/m/n/10 "random"\T1/ptm/m/n/10 , \T1/zi4/m/n/10 "constant"
 \T1/ptm/m/n/10 and \T1/zi4/m/n/10 "sann"\T1/ptm/m/n/10 .
 []


Overfull \hbox (22.68924pt too wide) in paragraph at lines 219--242
\T1/ptm/m/n/10 ar-gu-ment \TS1/zi4/m/n/10 '\T1/zi4/m/n/10 optim.method\TS1/zi4/
m/n/10 ' \T1/ptm/m/n/10 ac-cepts the fol-low-ing meth-ods: \T1/zi4/m/n/10 "Neld
er-Mead"\T1/ptm/m/n/10 , \T1/zi4/m/n/10 "BFGS"\T1/ptm/m/n/10 , \T1/zi4/m/n/10 "
CG"\T1/ptm/m/n/10 , \T1/zi4/m/n/10 "L-BFGS-B"\T1/ptm/m/n/10 ,
 []

[4]
Overfull \hbox (8.21799pt too wide) in paragraph at lines 243--255
\T1/zi4/m/n/10 "random" \T1/ptm/m/n/10 draws ran-dom start-ing val-ues from a s
tan-dard nor-mal dis-tri-bu-tion. The method \T1/zi4/m/n/10 "constant"
 []

[5] [6] [7]
Overfull \hbox (3.448pt too wide) in paragraph at lines 473--478
\T1/ptm/m/n/10 clud-ing re-gres-sion co-ef-fi-cients in dif-fer-ent com-po-nent
s (e.g. "Comp1", "Comp2",
 []


Overfull \hbox (2.3594pt too wide) in paragraph at lines 479--483
\T1/ptm/m/n/10 The fol-low-ing val-ues are avail-able: \T1/zi4/m/n/10 "zero"\T1
/ptm/m/n/10 , \T1/zi4/m/n/10 "random"\T1/ptm/m/n/10 , \T1/zi4/m/n/10 "constant"
 \T1/ptm/m/n/10 and \T1/zi4/m/n/10 "sann"\T1/ptm/m/n/10 .
 []


Overfull \hbox (9.03893pt too wide) in paragraph at lines 484--492
\T1/ptm/m/n/10 used when lower and/or up-per con-straints are set us-ing \TS1/z
i4/m/n/10 '\T1/zi4/m/n/10 init.lo\TS1/zi4/m/n/10 ' \T1/ptm/m/n/10 and \TS1/zi4/
m/n/10 '\T1/zi4/m/n/10 init.hi\TS1/zi4/m/n/10 '\T1/ptm/m/n/10 .
 []

[8]
Overfull \hbox (3.448pt too wide) in paragraph at lines 596--601
\T1/ptm/m/n/10 clud-ing re-gres-sion co-ef-fi-cients in dif-fer-ent com-po-nent
s (e.g. "Comp1", "Comp2",
 []


Overfull \hbox (9.03893pt too wide) in paragraph at lines 602--610
\T1/ptm/m/n/10 used when lower and/or up-per con-straints are set us-ing \TS1/z
i4/m/n/10 '\T1/zi4/m/n/10 init.lo\TS1/zi4/m/n/10 ' \T1/ptm/m/n/10 and \TS1/zi4/
m/n/10 '\T1/zi4/m/n/10 init.hi\TS1/zi4/m/n/10 '\T1/ptm/m/n/10 .
 []

[9] [10]
Overfull \hbox (3.448pt too wide) in paragraph at lines 679--684
\T1/ptm/m/n/10 clud-ing re-gres-sion co-ef-fi-cients in dif-fer-ent com-po-nent
s (e.g. "Comp1", "Comp2",
 []


Overfull \hbox (3.448pt too wide) in paragraph at lines 718--723
\T1/ptm/m/n/10 clud-ing re-gres-sion co-ef-fi-cients in dif-fer-ent com-po-nent
s (e.g. "Comp1", "Comp2",
 []


Overfull \hbox (22.53798pt too wide) in paragraph at lines 736--744
\T1/ptm/m/n/10 (la-bel \T1/zi4/m/n/10 "delta"\T1/ptm/m/n/10 ), con-stant pa-ram
-e-ters of com-po-nent dis-tri-bu-tions (la-bel \T1/zi4/m/n/10 "lnsigma" \T1/pt
m/m/n/10 for \T1/zi4/m/n/10 dist=="normal"\T1/ptm/m/n/10 ),
 []

[11]
Overfull \hbox (3.57808pt too wide) in paragraph at lines 806--810
[]\T1/zi4/m/n/10 aldvmm.gr() \T1/ptm/m/n/10 cal-cu-lates nu-mer-i-cal gra-di-en
ts of the neg-a-tive log-likelihood re-turned by \T1/zi4/m/n/10 aldvmm.ll()
 []

[12]
Overfull \hbox (3.448pt too wide) in paragraph at lines 851--856
\T1/ptm/m/n/10 clud-ing re-gres-sion co-ef-fi-cients in dif-fer-ent com-po-nent
s (e.g. "Comp1", "Comp2",
 []


Overfull \hbox (9.03893pt too wide) in paragraph at lines 862--870
\T1/ptm/m/n/10 used when lower and/or up-per con-straints are set us-ing \TS1/z
i4/m/n/10 '\T1/zi4/m/n/10 init.lo\TS1/zi4/m/n/10 ' \T1/ptm/m/n/10 and \TS1/zi4/
m/n/10 '\T1/zi4/m/n/10 init.hi\TS1/zi4/m/n/10 '\T1/ptm/m/n/10 .
 []

[13]
Overfull \hbox (2.3594pt too wide) in paragraph at lines 944--948
\T1/ptm/m/n/10 The fol-low-ing val-ues are avail-able: \T1/zi4/m/n/10 "zero"\T1
/ptm/m/n/10 , \T1/zi4/m/n/10 "random"\T1/ptm/m/n/10 , \T1/zi4/m/n/10 "constant"
 \T1/ptm/m/n/10 and \T1/zi4/m/n/10 "sann"\T1/ptm/m/n/10 .
 []

[14]
Overfull \hbox (9.03893pt too wide) in paragraph at lines 966--974
\T1/ptm/m/n/10 used when lower and/or up-per con-straints are set us-ing \TS1/z
i4/m/n/10 '\T1/zi4/m/n/10 init.lo\TS1/zi4/m/n/10 ' \T1/ptm/m/n/10 and \TS1/zi4/
m/n/10 '\T1/zi4/m/n/10 init.hi\TS1/zi4/m/n/10 '\T1/ptm/m/n/10 .
 []


Overfull \hbox (3.448pt too wide) in paragraph at lines 996--1001
\T1/ptm/m/n/10 clud-ing re-gres-sion co-ef-fi-cients in dif-fer-ent com-po-nent
s (e.g. "Comp1", "Comp2",
 []


Overfull \hbox (2.6886pt too wide) in paragraph at lines 1005--1016
[]\TS1/zi4/m/n/10 '\T1/zi4/m/n/10 init.method\TS1/zi4/m/n/10 ' \T1/ptm/m/n/10 a
c-cepts four meth-ods for gen-er-at-ing ini-tial val-ues: \T1/zi4/m/n/10 "zero"
\T1/ptm/m/n/10 , \T1/zi4/m/n/10 "random"\T1/ptm/m/n/10 , \T1/zi4/m/n/10 "consta
nt"\T1/ptm/m/n/10 ,
 []

[15]
Overfull \hbox (3.448pt too wide) in paragraph at lines 1090--1095
\T1/ptm/m/n/10 clud-ing re-gres-sion co-ef-fi-cients in dif-fer-ent com-po-nent
s (e.g. "Comp1", "Comp2",
 []


Overfull \hbox (9.03893pt too wide) in paragraph at lines 1096--1104
\T1/ptm/m/n/10 used when lower and/or up-per con-straints are set us-ing \TS1/z
i4/m/n/10 '\T1/zi4/m/n/10 init.lo\TS1/zi4/m/n/10 ' \T1/ptm/m/n/10 and \TS1/zi4/
m/n/10 '\T1/zi4/m/n/10 init.hi\TS1/zi4/m/n/10 '\T1/ptm/m/n/10 .
 []

[16]
Underfull \hbox (badness 10000) in paragraph at lines 1135--1138

 []

[17] [18]
Overfull \hbox (3.448pt too wide) in paragraph at lines 1253--1258
\T1/ptm/m/n/10 clud-ing re-gres-sion co-ef-fi-cients in dif-fer-ent com-po-nent
s (e.g. "Comp1", "Comp2",
 []

[19]
Overfull \hbox (3.448pt too wide) in paragraph at lines 1359--1364
\T1/ptm/m/n/10 clud-ing re-gres-sion co-ef-fi-cients in dif-fer-ent com-po-nent
s (e.g. "Comp1", "Comp2",
 []

[20]
Underfull \hbox (badness 10000) in paragraph at lines 1395--1398

 []


Overfull \hbox (10.20859pt too wide) in paragraph at lines 1438--1440
[]\T1/ptm/m/n/10 a named nu-meric vec-tor of stan-dard er-rors of pa-ram-e-ters
 re-turned by \T1/zi4/m/n/10 aldvmm.cv()\T1/ptm/m/n/10 . 
 []


Overfull \hbox (18.54836pt too wide) in paragraph at lines 1448--1451
[]\T1/ptm/m/n/10 a named nu-meric vec-tor of 95% lower lim-its of pa-ram-e-ters
 re-turned by \T1/zi4/m/n/10 aldvmm.cv()\T1/ptm/m/n/10 . 
 []


Overfull \hbox (18.7985pt too wide) in paragraph at lines 1452--1455
[]\T1/ptm/m/n/10 a named nu-meric vec-tor of 95% up-per lim-its of pa-ram-e-ter
s re-turned by \T1/zi4/m/n/10 aldvmm.cv()\T1/ptm/m/n/10 . 
 []

[21]
Overfull \hbox (21.69777pt too wide) in paragraph at lines 1463--1466
[]\T1/ptm/m/n/10 a nu-meric value of the Akaike in-for-ma-tion cri-te-rion (AIC
) re-turned by \T1/zi4/m/n/10 aldvmm.gof()\T1/ptm/m/n/10 . 
 []


Overfull \hbox (29.0275pt too wide) in paragraph at lines 1467--1470
[]\T1/ptm/m/n/10 a nu-meric value of the Bayesian in-for-ma-tion cri-te-rion (B
IC) re-turned by \T1/zi4/m/n/10 aldvmm.gof()\T1/ptm/m/n/10 . 
 []


Overfull \hbox (3.448pt too wide) in paragraph at lines 1485--1490
\T1/ptm/m/n/10 clud-ing re-gres-sion co-ef-fi-cients in dif-fer-ent com-po-nent
s (e.g. "Comp1", "Comp2",
 []

[22] [23]
LaTeX Font Info:    Font shape `TS1/zi4/m/n' will be
(Font)              scaled to size 9.0pt on input line 1604.
 (Rd2.ind [24] [25


]) (Rd2.aux)
Package rerunfilecheck Info: File `Rd2.out' has not changed.
(rerunfilecheck)             Checksum: 23CEF6E23C8AB46711790633A16B1100;1871.
 ) 
Here is how much of TeX's memory you used:
 8892 strings out of 478864
 128683 string characters out of 2859967
 441481 words of memory out of 3000000
 26526 multiletter control sequences out of 15000+600000
 438571 words of font info for 63 fonts, out of 8000000 for 9000
 1141 hyphenation exceptions out of 8191
 77i,6n,82p,324b,616s stack positions out of 5000i,500n,10000p,200000b,80000s
{C:/Users/phm1/MiKTeX/fonts/enc/dvips/inconsolata/i4-ts1.enc}{C:/Users/phm1/M
iKTeX/fonts/enc/dvips/base/8r.enc}{C:/Users/phm1/MiKTeX/fonts/enc/dvips/inconso
lata/i4-t1-0.enc}<C:/Users/phm1/MiKTeX/fonts/type1/public/inconsolata/Inconsola
ta-zi4r.pfb><C:/Users/phm1/MiKTeX/fonts/type1/public/amsfonts/cm/cmex10.pfb><C:
/Users/phm1/MiKTeX/fonts/type1/public/amsfonts/cm/cmmi10.pfb><C:/Users/phm1/MiK
TeX/fonts/type1/public/amsfonts/cm/cmmi5.pfb><C:/Users/phm1/MiKTeX/fonts/type1/
public/amsfonts/cm/cmmi7.pfb><C:/Users/phm1/MiKTeX/fonts/type1/public/amsfonts/
cm/cmr10.pfb><C:/Users/phm1/MiKTeX/fonts/type1/public/amsfonts/cm/cmr5.pfb><C:/
Users/phm1/MiKTeX/fonts/type1/public/amsfonts/cm/cmr7.pfb><C:/Users/phm1/MiKTeX
/fonts/type1/public/amsfonts/cm/cmsy10.pfb><C:/Users/phm1/MiKTeX/fonts/type1/pu
blic/amsfonts/cm/cmsy7.pfb><C:/Users/phm1/MiKTeX/fonts/type1/urw/helvetic/uhvr8
a.pfb><C:/Users/phm1/MiKTeX/fonts/type1/urw/times/utmb8a.pfb><C:/Users/phm1/MiK
TeX/fonts/type1/urw/times/utmr8a.pfb><C:/Users/phm1/MiKTeX/fonts/type1/urw/time
s/utmr8a.pfb><C:/Users/phm1/MiKTeX/fonts/type1/urw/times/utmri8a.pfb>
Output written on Rd2.pdf (25 pages, 274530 bytes).
PDF statistics:
 438 PDF objects out of 1000 (max. 8388607)
 144 named destinations out of 1000 (max. 500000)
 145 words of extra memory for PDF output out of 10000 (max. 10000000)

