Hmm ... looks like a package
This is pdfTeX, Version 3.141592653-2.6-1.40.22 (TeX Live 2021/W32TeX) (preloaded format=pdflatex)
 restricted \write18 enabled.
entering extended mode
(./Rd2.tex
LaTeX2e <2020-10-01> patch level 4
L3 programming layer <2021-02-18>
(c:/TeXLive/2021/texmf-dist/tex/latex/base/book.cls
Document Class: book 2020/04/10 v1.4m Standard LaTeX document class
(c:/TeXLive/2021/texmf-dist/tex/latex/base/bk10.clo))
(c:/Users/phm1/R-4.0.3/share/texmf/tex/latex/Rd.sty
(c:/TeXLive/2021/texmf-dist/tex/latex/base/ifthen.sty)
(c:/TeXLive/2021/texmf-dist/tex/latex/tools/longtable.sty)
(c:/TeXLive/2021/texmf-dist/tex/latex/tools/bm.sty)
(c:/TeXLive/2021/texmf-dist/tex/latex/base/alltt.sty)
(c:/TeXLive/2021/texmf-dist/tex/latex/tools/verbatim.sty)
(c:/TeXLive/2021/texmf-dist/tex/latex/url/url.sty)
(c:/TeXLive/2021/texmf-dist/tex/latex/base/textcomp.sty)
(c:/TeXLive/2021/texmf-dist/tex/latex/base/fontenc.sty)
(c:/TeXLive/2021/texmf-dist/tex/latex/psnfss/times.sty)
(c:/TeXLive/2021/texmf-dist/tex/latex/inconsolata/zi4.sty
`inconsolata-zi4' v1.12, 2019/05/17 Text macros for Inconsolata (msharpe)
(c:/TeXLive/2021/texmf-dist/tex/latex/xkeyval/xkeyval.sty
(c:/TeXLive/2021/texmf-dist/tex/generic/xkeyval/xkeyval.tex
(c:/TeXLive/2021/texmf-dist/tex/generic/xkeyval/xkvutils.tex
(c:/TeXLive/2021/texmf-dist/tex/generic/xkeyval/keyval.tex)))))
(c:/TeXLive/2021/texmf-dist/tex/latex/graphics/color.sty
(c:/TeXLive/2021/texmf-dist/tex/latex/graphics-cfg/color.cfg)
(c:/TeXLive/2021/texmf-dist/tex/latex/graphics-def/pdftex.def))
(c:/TeXLive/2021/texmf-dist/tex/latex/hyperref/hyperref.sty
(c:/TeXLive/2021/texmf-dist/tex/generic/ltxcmds/ltxcmds.sty)
(c:/TeXLive/2021/texmf-dist/tex/generic/iftex/iftex.sty)
(c:/TeXLive/2021/texmf-dist/tex/generic/pdftexcmds/pdftexcmds.sty
(c:/TeXLive/2021/texmf-dist/tex/generic/infwarerr/infwarerr.sty))
(c:/TeXLive/2021/texmf-dist/tex/generic/kvsetkeys/kvsetkeys.sty)
(c:/TeXLive/2021/texmf-dist/tex/generic/kvdefinekeys/kvdefinekeys.sty)
(c:/TeXLive/2021/texmf-dist/tex/generic/pdfescape/pdfescape.sty)
(c:/TeXLive/2021/texmf-dist/tex/latex/hycolor/hycolor.sty)
(c:/TeXLive/2021/texmf-dist/tex/latex/letltxmacro/letltxmacro.sty)
(c:/TeXLive/2021/texmf-dist/tex/latex/auxhook/auxhook.sty)
(c:/TeXLive/2021/texmf-dist/tex/latex/kvoptions/kvoptions.sty)
(c:/TeXLive/2021/texmf-dist/tex/latex/hyperref/pd1enc.def)
(c:/TeXLive/2021/texmf-dist/tex/latex/hyperref/hyperref-langpatches.def)
(c:/TeXLive/2021/texmf-dist/tex/generic/intcalc/intcalc.sty)
(c:/TeXLive/2021/texmf-dist/tex/generic/etexcmds/etexcmds.sty)
(c:/TeXLive/2021/texmf-dist/tex/latex/hyperref/puenc.def)
(c:/TeXLive/2021/texmf-dist/tex/generic/bitset/bitset.sty
(c:/TeXLive/2021/texmf-dist/tex/generic/bigintcalc/bigintcalc.sty))
(c:/TeXLive/2021/texmf-dist/tex/latex/base/atbegshi-ltx.sty))
(c:/TeXLive/2021/texmf-dist/tex/latex/hyperref/hpdftex.def
(c:/TeXLive/2021/texmf-dist/tex/latex/base/atveryend-ltx.sty)
(c:/TeXLive/2021/texmf-dist/tex/latex/rerunfilecheck/rerunfilecheck.sty
(c:/TeXLive/2021/texmf-dist/tex/generic/uniquecounter/uniquecounter.sty)))

Package hyperref Warning: Option `hyperindex' has already been used,
(hyperref)                setting the option has no effect on input line 377.


Package hyperref Warning: Option `pagebackref' has already been used,
(hyperref)                setting the option has no effect on input line 377.

) (c:/TeXLive/2021/texmf-dist/tex/latex/base/makeidx.sty)
(c:/TeXLive/2021/texmf-dist/tex/latex/base/inputenc.sty)
Writing index file Rd2.idx
(c:/TeXLive/2021/texmf-dist/tex/latex/psnfss/t1ptm.fd)
(c:/TeXLive/2021/texmf-dist/tex/latex/l3backend/l3backend-pdftex.def)
No file Rd2.aux.
(c:/TeXLive/2021/texmf-dist/tex/context/base/mkii/supp-pdf.mkii
[Loading MPS to PDF converter (version 2006.09.02).]
) (c:/TeXLive/2021/texmf-dist/tex/latex/hyperref/nameref.sty
(c:/TeXLive/2021/texmf-dist/tex/latex/refcount/refcount.sty)
(c:/TeXLive/2021/texmf-dist/tex/generic/gettitlestring/gettitlestring.sty))
(c:/TeXLive/2021/texmf-dist/tex/latex/inconsolata/t1zi4.fd)
(c:/TeXLive/2021/texmf-dist/tex/latex/psnfss/t1phv.fd) [1{c:/TeXLive/2021/texmf
-var/fonts/map/pdftex/updmap/pdftex.map}] [2]
(c:/TeXLive/2021/texmf-dist/tex/latex/inconsolata/ts1zi4.fd)
Overfull \hbox (9.03893pt too wide) in paragraph at lines 142--150
\T1/ptm/m/n/10 used when lower and/or up-per con-straints are set us-ing \TS1/z
i4/m/n/10 '\T1/zi4/m/n/10 init.lo\TS1/zi4/m/n/10 ' \T1/ptm/m/n/10 and \TS1/zi4/
m/n/10 '\T1/zi4/m/n/10 init.hi\TS1/zi4/m/n/10 '\T1/ptm/m/n/10 .
[3]
Overfull \hbox (16.49011pt too wide) in paragraph at lines 221--244
\T1/zi4/m/n/10 "CG"\T1/ptm/m/n/10 , \T1/zi4/m/n/10 "L-BFGS-B"\T1/ptm/m/n/10 , \
T1/zi4/m/n/10 "nlminb"\T1/ptm/m/n/10 , \T1/zi4/m/n/10 "Rcgmin"\T1/ptm/m/n/10 , 
\T1/zi4/m/n/10 "Rvmmin" \T1/ptm/m/n/10 and \T1/zi4/m/n/10 "hjn"\T1/ptm/m/n/10 .
 The de-fault method is \T1/zi4/m/n/10 "Nelder-Mead"\T1/ptm/m/n/10 .

Overfull \hbox (10.76839pt too wide) in paragraph at lines 221--244
\T1/ptm/m/n/10 ta-tion of the like-li-hood func-tion. The ar-gu-ment \TS1/zi4/m
/n/10 '\T1/zi4/m/n/10 optim.control\TS1/zi4/m/n/10 ' \T1/ptm/m/n/10 ac-cepts a 
list of \T1/zi4/m/n/10 optimr::optimr()

Overfull \hbox (8.21799pt too wide) in paragraph at lines 245--257
\T1/zi4/m/n/10 "random" \T1/ptm/m/n/10 draws ran-dom start-ing val-ues from a s
tan-dard nor-mal dis-tri-bu-tion. The method \T1/zi4/m/n/10 "constant"

Overfull \hbox (14.10739pt too wide) in paragraph at lines 258--266
\TS1/zi4/m/n/10 '\T1/zi4/m/n/10 init-hi\TS1/zi4/m/n/10 '\T1/ptm/m/n/10 , these 
de-fault lim-its are re-placed with the user-specified val-ues, and the method 
\T1/zi4/m/n/10 "L-BFGS-B"
[4]
Underfull \hbox (badness 10000) in paragraph at lines 287--289


Underfull \hbox (badness 10000) in paragraph at lines 290--293


Underfull \hbox (badness 10000) in paragraph at lines 294--298

[5]
Underfull \hbox (badness 10000) in paragraph at lines 386--389


Underfull \hbox (badness 10000) in paragraph at lines 394--397

[6] [7]
Overfull \hbox (3.448pt too wide) in paragraph at lines 487--491
\T1/ptm/m/n/10 clud-ing re-gres-sion co-ef-fi-cients in dif-fer-ent com-po-nent
s (e.g. "Comp1", "Comp2",

Overfull \hbox (9.03893pt too wide) in paragraph at lines 499--507
\T1/ptm/m/n/10 used when lower and/or up-per con-straints are set us-ing \TS1/z
i4/m/n/10 '\T1/zi4/m/n/10 init.lo\TS1/zi4/m/n/10 ' \T1/ptm/m/n/10 and \TS1/zi4/
m/n/10 '\T1/zi4/m/n/10 init.hi\TS1/zi4/m/n/10 '\T1/ptm/m/n/10 .
[8]
Overfull \hbox (3.448pt too wide) in paragraph at lines 627--631
\T1/ptm/m/n/10 clud-ing re-gres-sion co-ef-fi-cients in dif-fer-ent com-po-nent
s (e.g. "Comp1", "Comp2",
[9]
Overfull \hbox (9.03893pt too wide) in paragraph at lines 634--642
\T1/ptm/m/n/10 used when lower and/or up-per con-straints are set us-ing \TS1/z
i4/m/n/10 '\T1/zi4/m/n/10 init.lo\TS1/zi4/m/n/10 ' \T1/ptm/m/n/10 and \TS1/zi4/
m/n/10 '\T1/zi4/m/n/10 init.hi\TS1/zi4/m/n/10 '\T1/ptm/m/n/10 .
[10]
Overfull \hbox (3.448pt too wide) in paragraph at lines 719--723
\T1/ptm/m/n/10 clud-ing re-gres-sion co-ef-fi-cients in dif-fer-ent com-po-nent
s (e.g. "Comp1", "Comp2",
[11]
Overfull \hbox (3.448pt too wide) in paragraph at lines 765--769
\T1/ptm/m/n/10 clud-ing re-gres-sion co-ef-fi-cients in dif-fer-ent com-po-nent
s (e.g. "Comp1", "Comp2",
[12]
Overfull \hbox (3.448pt too wide) in paragraph at lines 861--865
\T1/ptm/m/n/10 clud-ing re-gres-sion co-ef-fi-cients in dif-fer-ent com-po-nent
s (e.g. "Comp1", "Comp2",

Overfull \hbox (9.03893pt too wide) in paragraph at lines 873--881
\T1/ptm/m/n/10 used when lower and/or up-per con-straints are set us-ing \TS1/z
i4/m/n/10 '\T1/zi4/m/n/10 init.lo\TS1/zi4/m/n/10 ' \T1/ptm/m/n/10 and \TS1/zi4/
m/n/10 '\T1/zi4/m/n/10 init.hi\TS1/zi4/m/n/10 '\T1/ptm/m/n/10 .
[13] [14]
Overfull \hbox (9.03893pt too wide) in paragraph at lines 983--991
\T1/ptm/m/n/10 used when lower and/or up-per con-straints are set us-ing \TS1/z
i4/m/n/10 '\T1/zi4/m/n/10 init.lo\TS1/zi4/m/n/10 ' \T1/ptm/m/n/10 and \TS1/zi4/
m/n/10 '\T1/zi4/m/n/10 init.hi\TS1/zi4/m/n/10 '\T1/ptm/m/n/10 .

Overfull \hbox (3.448pt too wide) in paragraph at lines 1014--1018
\T1/ptm/m/n/10 clud-ing re-gres-sion co-ef-fi-cients in dif-fer-ent com-po-nent
s (e.g. "Comp1", "Comp2",

Overfull \hbox (8.21799pt too wide) in paragraph at lines 1024--1035
\T1/zi4/m/n/10 "random" \T1/ptm/m/n/10 draws ran-dom start-ing val-ues from a s
tan-dard nor-mal dis-tri-bu-tion. The method \T1/zi4/m/n/10 "constant"

Overfull \hbox (14.10739pt too wide) in paragraph at lines 1036--1044
\TS1/zi4/m/n/10 '\T1/zi4/m/n/10 init-hi\TS1/zi4/m/n/10 '\T1/ptm/m/n/10 , these 
de-fault lim-its are re-placed with the user-specified val-ues, and the method 
\T1/zi4/m/n/10 "L-BFGS-B"
[15]
Overfull \hbox (18.3789pt too wide) in paragraph at lines 1063--1067
[]\T1/zi4/m/n/10 aldvmm::aldvmm.ll() \T1/ptm/m/n/10 cal-cu-lates the neg-a-tive
 log-likelihood of \TS1/zi4/m/n/10 '\T1/zi4/m/n/10 data\TS1/zi4/m/n/10 ' \T1/pt
m/m/n/10 sup-plied to \T1/zi4/m/n/10 aldvmm::aldvmm()
[16]
Overfull \hbox (3.448pt too wide) in paragraph at lines 1125--1129
\T1/ptm/m/n/10 clud-ing re-gres-sion co-ef-fi-cients in dif-fer-ent com-po-nent
s (e.g. "Comp1", "Comp2",

Overfull \hbox (9.03893pt too wide) in paragraph at lines 1132--1140
\T1/ptm/m/n/10 used when lower and/or up-per con-straints are set us-ing \TS1/z
i4/m/n/10 '\T1/zi4/m/n/10 init.lo\TS1/zi4/m/n/10 ' \T1/ptm/m/n/10 and \TS1/zi4/
m/n/10 '\T1/zi4/m/n/10 init.hi\TS1/zi4/m/n/10 '\T1/ptm/m/n/10 .

Underfull \hbox (badness 10000) in paragraph at lines 1163--1166


Overfull \hbox (0.36784pt too wide) in paragraph at lines 1171--1174
[]\T1/zi4/m/n/10 aldvmm::aldvmm.mm() \T1/ptm/m/n/10 cre-ates de-sign ma-tri-ces
 for re-gres-sions of com-po-nent dis-tri-bu-tions (\T1/zi4/m/n/10 "beta"\T1/pt
m/m/n/10 )
[17] [18]
Overfull \hbox (3.448pt too wide) in paragraph at lines 1295--1299
\T1/ptm/m/n/10 clud-ing re-gres-sion co-ef-fi-cients in dif-fer-ent com-po-nent
s (e.g. "Comp1", "Comp2",
[19] [20]
Overfull \hbox (3.448pt too wide) in paragraph at lines 1416--1420
\T1/ptm/m/n/10 clud-ing re-gres-sion co-ef-fi-cients in dif-fer-ent com-po-nent
s (e.g. "Comp1", "Comp2",

Underfull \hbox (badness 10000) in paragraph at lines 1455--1458

[21]
Overfull \hbox (50.20859pt too wide) in paragraph at lines 1500--1503
[]\T1/ptm/m/n/10 a named nu-meric vec-tor of stan-dard er-rors of pa-ram-e-ters
 re-turned by \T1/zi4/m/n/10 aldvmm::aldvmm.cv()\T1/ptm/m/n/10 . 

Overfull \hbox (58.54836pt too wide) in paragraph at lines 1512--1515
[]\T1/ptm/m/n/10 a named nu-meric vec-tor of 95% lower lim-its of pa-ram-e-ters
 re-turned by \T1/zi4/m/n/10 aldvmm::aldvmm.cv()\T1/ptm/m/n/10 . 

Overfull \hbox (58.7985pt too wide) in paragraph at lines 1516--1519
[]\T1/ptm/m/n/10 a named nu-meric vec-tor of 95% up-per lim-its of pa-ram-e-ter
s re-turned by \T1/zi4/m/n/10 aldvmm::aldvmm.cv()\T1/ptm/m/n/10 . 

Overfull \hbox (41.69777pt too wide) in paragraph at lines 1528--1531
[]\T1/ptm/m/n/10 a nu-meric value of the Akaike in-for-ma-tion cri-te-rion (AIC
) re-turned by \T1/zi4/m/n/10 aldvmm::aldvmm()\T1/ptm/m/n/10 . 
[22]
Overfull \hbox (49.0275pt too wide) in paragraph at lines 1532--1535
[]\T1/ptm/m/n/10 a nu-meric value of the Bayesian in-for-ma-tion cri-te-rion (B
IC) re-turned by \T1/zi4/m/n/10 aldvmm::aldvmm()\T1/ptm/m/n/10 . 

Overfull \hbox (3.448pt too wide) in paragraph at lines 1551--1555
\T1/ptm/m/n/10 clud-ing re-gres-sion co-ef-fi-cients in dif-fer-ent com-po-nent
s (e.g. "Comp1", "Comp2",
[23]
Overfull \vbox (43.08556pt too high) has occurred while \output is active
[24]
No file Rd2.ind.
[25] (./Rd2.aux)

Package rerunfilecheck Warning: File `Rd2.out' has changed.
(rerunfilecheck)                Rerun to get outlines right
(rerunfilecheck)                or use package `bookmark'.

 )
(see the transcript file for additional information){c:/TeXLive/2021/texmf-dist
/fonts/enc/dvips/inconsolata/i4-ts1.enc}{c:/TeXLive/2021/texmf-dist/fonts/enc/d
vips/base/8r.enc}{c:/TeXLive/2021/texmf-dist/fonts/enc/dvips/inconsolata/i4-t1-
0.enc}<c:/TeXLive/2021/texmf-dist/fonts/type1/public/inconsolata/Inconsolata-zi
4r.pfb><c:/TeXLive/2021/texmf-dist/fonts/type1/public/amsfonts/cm/cmex10.pfb><c
:/TeXLive/2021/texmf-dist/fonts/type1/public/amsfonts/cm/cmmi10.pfb><c:/TeXLive
/2021/texmf-dist/fonts/type1/public/amsfonts/cm/cmmi7.pfb><c:/TeXLive/2021/texm
f-dist/fonts/type1/public/amsfonts/cm/cmr10.pfb><c:/TeXLive/2021/texmf-dist/fon
ts/type1/public/amsfonts/cm/cmr7.pfb><c:/TeXLive/2021/texmf-dist/fonts/type1/pu
blic/amsfonts/cm/cmsy10.pfb><c:/TeXLive/2021/texmf-dist/fonts/type1/urw/helveti
c/uhvr8a.pfb><c:/TeXLive/2021/texmf-dist/fonts/type1/urw/times/utmb8a.pfb><c:/T
eXLive/2021/texmf-dist/fonts/type1/urw/times/utmr8a.pfb><c:/TeXLive/2021/texmf-
dist/fonts/type1/urw/times/utmr8a.pfb><c:/TeXLive/2021/texmf-dist/fonts/type1/u
rw/times/utmri8a.pfb>
Output written on Rd2.pdf (25 pages, 193684 bytes).
Transcript written on Rd2.log.
This is makeindex, version 2.15 [TeX Live 2021/W32TeX] (kpathsea + Thai support).
Scanning input file Rd2.idx....done (17 entries accepted, 0 rejected).
Sorting entries....done (80 comparisons).
Generating output file Rd2.ind....done (34 lines written, 0 warnings).
Output written in Rd2.ind.
Transcript written in Rd2.ilg.
This is pdfTeX, Version 3.141592653-2.6-1.40.22 (TeX Live 2021/W32TeX) (preloaded format=pdflatex)
 restricted \write18 enabled.
entering extended mode
(./Rd2.tex
LaTeX2e <2020-10-01> patch level 4
L3 programming layer <2021-02-18>
(c:/TeXLive/2021/texmf-dist/tex/latex/base/book.cls
Document Class: book 2020/04/10 v1.4m Standard LaTeX document class
(c:/TeXLive/2021/texmf-dist/tex/latex/base/bk10.clo))
(c:/Users/phm1/R-4.0.3/share/texmf/tex/latex/Rd.sty
(c:/TeXLive/2021/texmf-dist/tex/latex/base/ifthen.sty)
(c:/TeXLive/2021/texmf-dist/tex/latex/tools/longtable.sty)
(c:/TeXLive/2021/texmf-dist/tex/latex/tools/bm.sty)
(c:/TeXLive/2021/texmf-dist/tex/latex/base/alltt.sty)
(c:/TeXLive/2021/texmf-dist/tex/latex/tools/verbatim.sty)
(c:/TeXLive/2021/texmf-dist/tex/latex/url/url.sty)
(c:/TeXLive/2021/texmf-dist/tex/latex/base/textcomp.sty)
(c:/TeXLive/2021/texmf-dist/tex/latex/base/fontenc.sty)
(c:/TeXLive/2021/texmf-dist/tex/latex/psnfss/times.sty)
(c:/TeXLive/2021/texmf-dist/tex/latex/inconsolata/zi4.sty
`inconsolata-zi4' v1.12, 2019/05/17 Text macros for Inconsolata (msharpe)
(c:/TeXLive/2021/texmf-dist/tex/latex/xkeyval/xkeyval.sty
(c:/TeXLive/2021/texmf-dist/tex/generic/xkeyval/xkeyval.tex
(c:/TeXLive/2021/texmf-dist/tex/generic/xkeyval/xkvutils.tex
(c:/TeXLive/2021/texmf-dist/tex/generic/xkeyval/keyval.tex)))))
(c:/TeXLive/2021/texmf-dist/tex/latex/graphics/color.sty
(c:/TeXLive/2021/texmf-dist/tex/latex/graphics-cfg/color.cfg)
(c:/TeXLive/2021/texmf-dist/tex/latex/graphics-def/pdftex.def))
(c:/TeXLive/2021/texmf-dist/tex/latex/hyperref/hyperref.sty
(c:/TeXLive/2021/texmf-dist/tex/generic/ltxcmds/ltxcmds.sty)
(c:/TeXLive/2021/texmf-dist/tex/generic/iftex/iftex.sty)
(c:/TeXLive/2021/texmf-dist/tex/generic/pdftexcmds/pdftexcmds.sty
(c:/TeXLive/2021/texmf-dist/tex/generic/infwarerr/infwarerr.sty))
(c:/TeXLive/2021/texmf-dist/tex/generic/kvsetkeys/kvsetkeys.sty)
(c:/TeXLive/2021/texmf-dist/tex/generic/kvdefinekeys/kvdefinekeys.sty)
(c:/TeXLive/2021/texmf-dist/tex/generic/pdfescape/pdfescape.sty)
(c:/TeXLive/2021/texmf-dist/tex/latex/hycolor/hycolor.sty)
(c:/TeXLive/2021/texmf-dist/tex/latex/letltxmacro/letltxmacro.sty)
(c:/TeXLive/2021/texmf-dist/tex/latex/auxhook/auxhook.sty)
(c:/TeXLive/2021/texmf-dist/tex/latex/kvoptions/kvoptions.sty)
(c:/TeXLive/2021/texmf-dist/tex/latex/hyperref/pd1enc.def)
(c:/TeXLive/2021/texmf-dist/tex/latex/hyperref/hyperref-langpatches.def)
(c:/TeXLive/2021/texmf-dist/tex/generic/intcalc/intcalc.sty)
(c:/TeXLive/2021/texmf-dist/tex/generic/etexcmds/etexcmds.sty)
(c:/TeXLive/2021/texmf-dist/tex/latex/hyperref/puenc.def)
(c:/TeXLive/2021/texmf-dist/tex/generic/bitset/bitset.sty
(c:/TeXLive/2021/texmf-dist/tex/generic/bigintcalc/bigintcalc.sty))
(c:/TeXLive/2021/texmf-dist/tex/latex/base/atbegshi-ltx.sty))
(c:/TeXLive/2021/texmf-dist/tex/latex/hyperref/hpdftex.def
(c:/TeXLive/2021/texmf-dist/tex/latex/base/atveryend-ltx.sty)
(c:/TeXLive/2021/texmf-dist/tex/latex/rerunfilecheck/rerunfilecheck.sty
(c:/TeXLive/2021/texmf-dist/tex/generic/uniquecounter/uniquecounter.sty)))

Package hyperref Warning: Option `hyperindex' has already been used,
(hyperref)                setting the option has no effect on input line 377.


Package hyperref Warning: Option `pagebackref' has already been used,
(hyperref)                setting the option has no effect on input line 377.

) (c:/TeXLive/2021/texmf-dist/tex/latex/base/makeidx.sty)
(c:/TeXLive/2021/texmf-dist/tex/latex/base/inputenc.sty)
Writing index file Rd2.idx
(c:/TeXLive/2021/texmf-dist/tex/latex/psnfss/t1ptm.fd)
(c:/TeXLive/2021/texmf-dist/tex/latex/l3backend/l3backend-pdftex.def)
(./Rd2.aux) (c:/TeXLive/2021/texmf-dist/tex/context/base/mkii/supp-pdf.mkii
[Loading MPS to PDF converter (version 2006.09.02).]
) (c:/TeXLive/2021/texmf-dist/tex/latex/hyperref/nameref.sty
(c:/TeXLive/2021/texmf-dist/tex/latex/refcount/refcount.sty)
(c:/TeXLive/2021/texmf-dist/tex/generic/gettitlestring/gettitlestring.sty))
(./Rd2.out) (./Rd2.out)
(c:/TeXLive/2021/texmf-dist/tex/latex/inconsolata/t1zi4.fd)
(c:/TeXLive/2021/texmf-dist/tex/latex/psnfss/t1phv.fd) (./Rd2.toc [1{c:/TeXLive
/2021/texmf-var/fonts/map/pdftex/updmap/pdftex.map}]) [2]
(c:/TeXLive/2021/texmf-dist/tex/latex/inconsolata/ts1zi4.fd) [3]
Overfull \hbox (9.03893pt too wide) in paragraph at lines 142--150
\T1/ptm/m/n/10 used when lower and/or up-per con-straints are set us-ing \TS1/z
i4/m/n/10 '\T1/zi4/m/n/10 init.lo\TS1/zi4/m/n/10 ' \T1/ptm/m/n/10 and \TS1/zi4/
m/n/10 '\T1/zi4/m/n/10 init.hi\TS1/zi4/m/n/10 '\T1/ptm/m/n/10 .

Overfull \hbox (16.49011pt too wide) in paragraph at lines 221--244
\T1/zi4/m/n/10 "CG"\T1/ptm/m/n/10 , \T1/zi4/m/n/10 "L-BFGS-B"\T1/ptm/m/n/10 , \
T1/zi4/m/n/10 "nlminb"\T1/ptm/m/n/10 , \T1/zi4/m/n/10 "Rcgmin"\T1/ptm/m/n/10 , 
\T1/zi4/m/n/10 "Rvmmin" \T1/ptm/m/n/10 and \T1/zi4/m/n/10 "hjn"\T1/ptm/m/n/10 .
 The de-fault method is \T1/zi4/m/n/10 "Nelder-Mead"\T1/ptm/m/n/10 .

Overfull \hbox (10.76839pt too wide) in paragraph at lines 221--244
\T1/ptm/m/n/10 ta-tion of the like-li-hood func-tion. The ar-gu-ment \TS1/zi4/m
/n/10 '\T1/zi4/m/n/10 optim.control\TS1/zi4/m/n/10 ' \T1/ptm/m/n/10 ac-cepts a 
list of \T1/zi4/m/n/10 optimr::optimr()
[4]
Overfull \hbox (8.21799pt too wide) in paragraph at lines 245--257
\T1/zi4/m/n/10 "random" \T1/ptm/m/n/10 draws ran-dom start-ing val-ues from a s
tan-dard nor-mal dis-tri-bu-tion. The method \T1/zi4/m/n/10 "constant"

Overfull \hbox (14.10739pt too wide) in paragraph at lines 258--266
\TS1/zi4/m/n/10 '\T1/zi4/m/n/10 init-hi\TS1/zi4/m/n/10 '\T1/ptm/m/n/10 , these 
de-fault lim-its are re-placed with the user-specified val-ues, and the method 
\T1/zi4/m/n/10 "L-BFGS-B"

Underfull \hbox (badness 10000) in paragraph at lines 287--289


Underfull \hbox (badness 10000) in paragraph at lines 290--293


Underfull \hbox (badness 10000) in paragraph at lines 294--298

[5]
Underfull \hbox (badness 10000) in paragraph at lines 386--389

[6]
Underfull \hbox (badness 10000) in paragraph at lines 394--397

[7]
Overfull \hbox (3.448pt too wide) in paragraph at lines 487--491
\T1/ptm/m/n/10 clud-ing re-gres-sion co-ef-fi-cients in dif-fer-ent com-po-nent
s (e.g. "Comp1", "Comp2",

Overfull \hbox (9.03893pt too wide) in paragraph at lines 499--507
\T1/ptm/m/n/10 used when lower and/or up-per con-straints are set us-ing \TS1/z
i4/m/n/10 '\T1/zi4/m/n/10 init.lo\TS1/zi4/m/n/10 ' \T1/ptm/m/n/10 and \TS1/zi4/
m/n/10 '\T1/zi4/m/n/10 init.hi\TS1/zi4/m/n/10 '\T1/ptm/m/n/10 .
[8] [9]
Overfull \hbox (3.448pt too wide) in paragraph at lines 627--631
\T1/ptm/m/n/10 clud-ing re-gres-sion co-ef-fi-cients in dif-fer-ent com-po-nent
s (e.g. "Comp1", "Comp2",

Overfull \hbox (9.03893pt too wide) in paragraph at lines 634--642
\T1/ptm/m/n/10 used when lower and/or up-per con-straints are set us-ing \TS1/z
i4/m/n/10 '\T1/zi4/m/n/10 init.lo\TS1/zi4/m/n/10 ' \T1/ptm/m/n/10 and \TS1/zi4/
m/n/10 '\T1/zi4/m/n/10 init.hi\TS1/zi4/m/n/10 '\T1/ptm/m/n/10 .
[10]
Overfull \hbox (3.448pt too wide) in paragraph at lines 719--723
\T1/ptm/m/n/10 clud-ing re-gres-sion co-ef-fi-cients in dif-fer-ent com-po-nent
s (e.g. "Comp1", "Comp2",
[11]
Overfull \hbox (3.448pt too wide) in paragraph at lines 765--769
\T1/ptm/m/n/10 clud-ing re-gres-sion co-ef-fi-cients in dif-fer-ent com-po-nent
s (e.g. "Comp1", "Comp2",
[12]
Overfull \hbox (3.448pt too wide) in paragraph at lines 861--865
\T1/ptm/m/n/10 clud-ing re-gres-sion co-ef-fi-cients in dif-fer-ent com-po-nent
s (e.g. "Comp1", "Comp2",

Overfull \hbox (9.03893pt too wide) in paragraph at lines 873--881
\T1/ptm/m/n/10 used when lower and/or up-per con-straints are set us-ing \TS1/z
i4/m/n/10 '\T1/zi4/m/n/10 init.lo\TS1/zi4/m/n/10 ' \T1/ptm/m/n/10 and \TS1/zi4/
m/n/10 '\T1/zi4/m/n/10 init.hi\TS1/zi4/m/n/10 '\T1/ptm/m/n/10 .
[13] [14]
Overfull \hbox (9.03893pt too wide) in paragraph at lines 983--991
\T1/ptm/m/n/10 used when lower and/or up-per con-straints are set us-ing \TS1/z
i4/m/n/10 '\T1/zi4/m/n/10 init.lo\TS1/zi4/m/n/10 ' \T1/ptm/m/n/10 and \TS1/zi4/
m/n/10 '\T1/zi4/m/n/10 init.hi\TS1/zi4/m/n/10 '\T1/ptm/m/n/10 .
[15]
Overfull \hbox (3.448pt too wide) in paragraph at lines 1014--1018
\T1/ptm/m/n/10 clud-ing re-gres-sion co-ef-fi-cients in dif-fer-ent com-po-nent
s (e.g. "Comp1", "Comp2",

Overfull \hbox (8.21799pt too wide) in paragraph at lines 1024--1035
\T1/zi4/m/n/10 "random" \T1/ptm/m/n/10 draws ran-dom start-ing val-ues from a s
tan-dard nor-mal dis-tri-bu-tion. The method \T1/zi4/m/n/10 "constant"

Overfull \hbox (14.10739pt too wide) in paragraph at lines 1036--1044
\TS1/zi4/m/n/10 '\T1/zi4/m/n/10 init-hi\TS1/zi4/m/n/10 '\T1/ptm/m/n/10 , these 
de-fault lim-its are re-placed with the user-specified val-ues, and the method 
\T1/zi4/m/n/10 "L-BFGS-B"

Overfull \hbox (18.3789pt too wide) in paragraph at lines 1063--1067
[]\T1/zi4/m/n/10 aldvmm::aldvmm.ll() \T1/ptm/m/n/10 cal-cu-lates the neg-a-tive
 log-likelihood of \TS1/zi4/m/n/10 '\T1/zi4/m/n/10 data\TS1/zi4/m/n/10 ' \T1/pt
m/m/n/10 sup-plied to \T1/zi4/m/n/10 aldvmm::aldvmm()
[16]
Overfull \hbox (3.448pt too wide) in paragraph at lines 1125--1129
\T1/ptm/m/n/10 clud-ing re-gres-sion co-ef-fi-cients in dif-fer-ent com-po-nent
s (e.g. "Comp1", "Comp2",

Overfull \hbox (9.03893pt too wide) in paragraph at lines 1132--1140
\T1/ptm/m/n/10 used when lower and/or up-per con-straints are set us-ing \TS1/z
i4/m/n/10 '\T1/zi4/m/n/10 init.lo\TS1/zi4/m/n/10 ' \T1/ptm/m/n/10 and \TS1/zi4/
m/n/10 '\T1/zi4/m/n/10 init.hi\TS1/zi4/m/n/10 '\T1/ptm/m/n/10 .
[17]
Underfull \hbox (badness 10000) in paragraph at lines 1163--1166


Overfull \hbox (0.36784pt too wide) in paragraph at lines 1171--1174
[]\T1/zi4/m/n/10 aldvmm::aldvmm.mm() \T1/ptm/m/n/10 cre-ates de-sign ma-tri-ces
 for re-gres-sions of com-po-nent dis-tri-bu-tions (\T1/zi4/m/n/10 "beta"\T1/pt
m/m/n/10 )
[18] [19]
Overfull \hbox (3.448pt too wide) in paragraph at lines 1295--1299
\T1/ptm/m/n/10 clud-ing re-gres-sion co-ef-fi-cients in dif-fer-ent com-po-nent
s (e.g. "Comp1", "Comp2",
[20]
Overfull \hbox (3.448pt too wide) in paragraph at lines 1416--1420
\T1/ptm/m/n/10 clud-ing re-gres-sion co-ef-fi-cients in dif-fer-ent com-po-nent
s (e.g. "Comp1", "Comp2",
[21]
Underfull \hbox (badness 10000) in paragraph at lines 1455--1458

[22]
Overfull \hbox (50.20859pt too wide) in paragraph at lines 1500--1503
[]\T1/ptm/m/n/10 a named nu-meric vec-tor of stan-dard er-rors of pa-ram-e-ters
 re-turned by \T1/zi4/m/n/10 aldvmm::aldvmm.cv()\T1/ptm/m/n/10 . 

Overfull \hbox (58.54836pt too wide) in paragraph at lines 1512--1515
[]\T1/ptm/m/n/10 a named nu-meric vec-tor of 95% lower lim-its of pa-ram-e-ters
 re-turned by \T1/zi4/m/n/10 aldvmm::aldvmm.cv()\T1/ptm/m/n/10 . 

Overfull \hbox (58.7985pt too wide) in paragraph at lines 1516--1519
[]\T1/ptm/m/n/10 a named nu-meric vec-tor of 95% up-per lim-its of pa-ram-e-ter
s re-turned by \T1/zi4/m/n/10 aldvmm::aldvmm.cv()\T1/ptm/m/n/10 . 

Overfull \hbox (41.69777pt too wide) in paragraph at lines 1528--1531
[]\T1/ptm/m/n/10 a nu-meric value of the Akaike in-for-ma-tion cri-te-rion (AIC
) re-turned by \T1/zi4/m/n/10 aldvmm::aldvmm()\T1/ptm/m/n/10 . 

Overfull \hbox (49.0275pt too wide) in paragraph at lines 1532--1535
[]\T1/ptm/m/n/10 a nu-meric value of the Bayesian in-for-ma-tion cri-te-rion (B
IC) re-turned by \T1/zi4/m/n/10 aldvmm::aldvmm()\T1/ptm/m/n/10 . 

Overfull \hbox (3.448pt too wide) in paragraph at lines 1551--1555
\T1/ptm/m/n/10 clud-ing re-gres-sion co-ef-fi-cients in dif-fer-ent com-po-nent
s (e.g. "Comp1", "Comp2",
[23] [24] (./Rd2.ind [25] [26]) (./Rd2.aux)

Package rerunfilecheck Warning: File `Rd2.out' has changed.
(rerunfilecheck)                Rerun to get outlines right
(rerunfilecheck)                or use package `bookmark'.

 )
(see the transcript file for additional information){c:/TeXLive/2021/texmf-dist
/fonts/enc/dvips/inconsolata/i4-ts1.enc}{c:/TeXLive/2021/texmf-dist/fonts/enc/d
vips/base/8r.enc}{c:/TeXLive/2021/texmf-dist/fonts/enc/dvips/inconsolata/i4-t1-
0.enc}<c:/TeXLive/2021/texmf-dist/fonts/type1/public/inconsolata/Inconsolata-zi
4r.pfb><c:/TeXLive/2021/texmf-dist/fonts/type1/public/amsfonts/cm/cmex10.pfb><c
:/TeXLive/2021/texmf-dist/fonts/type1/public/amsfonts/cm/cmmi10.pfb><c:/TeXLive
/2021/texmf-dist/fonts/type1/public/amsfonts/cm/cmmi7.pfb><c:/TeXLive/2021/texm
f-dist/fonts/type1/public/amsfonts/cm/cmr10.pfb><c:/TeXLive/2021/texmf-dist/fon
ts/type1/public/amsfonts/cm/cmr7.pfb><c:/TeXLive/2021/texmf-dist/fonts/type1/pu
blic/amsfonts/cm/cmsy10.pfb><c:/TeXLive/2021/texmf-dist/fonts/type1/urw/helveti
c/uhvr8a.pfb><c:/TeXLive/2021/texmf-dist/fonts/type1/urw/times/utmb8a.pfb><c:/T
eXLive/2021/texmf-dist/fonts/type1/urw/times/utmr8a.pfb><c:/TeXLive/2021/texmf-
dist/fonts/type1/urw/times/utmr8a.pfb><c:/TeXLive/2021/texmf-dist/fonts/type1/u
rw/times/utmri8a.pfb>
Output written on Rd2.pdf (26 pages, 196836 bytes).
Transcript written on Rd2.log.
This is makeindex, version 2.15 [TeX Live 2021/W32TeX] (kpathsea + Thai support).
Scanning input file Rd2.idx....done (17 entries accepted, 0 rejected).
Sorting entries....done (80 comparisons).
Generating output file Rd2.ind....done (34 lines written, 0 warnings).
Output written in Rd2.ind.
Transcript written in Rd2.ilg.
This is pdfTeX, Version 3.141592653-2.6-1.40.22 (TeX Live 2021/W32TeX) (preloaded format=pdflatex)
 restricted \write18 enabled.
entering extended mode
(./Rd2.tex
LaTeX2e <2020-10-01> patch level 4
L3 programming layer <2021-02-18>
(c:/TeXLive/2021/texmf-dist/tex/latex/base/book.cls
Document Class: book 2020/04/10 v1.4m Standard LaTeX document class
(c:/TeXLive/2021/texmf-dist/tex/latex/base/bk10.clo))
(c:/Users/phm1/R-4.0.3/share/texmf/tex/latex/Rd.sty
(c:/TeXLive/2021/texmf-dist/tex/latex/base/ifthen.sty)
(c:/TeXLive/2021/texmf-dist/tex/latex/tools/longtable.sty)
(c:/TeXLive/2021/texmf-dist/tex/latex/tools/bm.sty)
(c:/TeXLive/2021/texmf-dist/tex/latex/base/alltt.sty)
(c:/TeXLive/2021/texmf-dist/tex/latex/tools/verbatim.sty)
(c:/TeXLive/2021/texmf-dist/tex/latex/url/url.sty)
(c:/TeXLive/2021/texmf-dist/tex/latex/base/textcomp.sty)
(c:/TeXLive/2021/texmf-dist/tex/latex/base/fontenc.sty)
(c:/TeXLive/2021/texmf-dist/tex/latex/psnfss/times.sty)
(c:/TeXLive/2021/texmf-dist/tex/latex/inconsolata/zi4.sty
`inconsolata-zi4' v1.12, 2019/05/17 Text macros for Inconsolata (msharpe)
(c:/TeXLive/2021/texmf-dist/tex/latex/xkeyval/xkeyval.sty
(c:/TeXLive/2021/texmf-dist/tex/generic/xkeyval/xkeyval.tex
(c:/TeXLive/2021/texmf-dist/tex/generic/xkeyval/xkvutils.tex
(c:/TeXLive/2021/texmf-dist/tex/generic/xkeyval/keyval.tex)))))
(c:/TeXLive/2021/texmf-dist/tex/latex/graphics/color.sty
(c:/TeXLive/2021/texmf-dist/tex/latex/graphics-cfg/color.cfg)
(c:/TeXLive/2021/texmf-dist/tex/latex/graphics-def/pdftex.def))
(c:/TeXLive/2021/texmf-dist/tex/latex/hyperref/hyperref.sty
(c:/TeXLive/2021/texmf-dist/tex/generic/ltxcmds/ltxcmds.sty)
(c:/TeXLive/2021/texmf-dist/tex/generic/iftex/iftex.sty)
(c:/TeXLive/2021/texmf-dist/tex/generic/pdftexcmds/pdftexcmds.sty
(c:/TeXLive/2021/texmf-dist/tex/generic/infwarerr/infwarerr.sty))
(c:/TeXLive/2021/texmf-dist/tex/generic/kvsetkeys/kvsetkeys.sty)
(c:/TeXLive/2021/texmf-dist/tex/generic/kvdefinekeys/kvdefinekeys.sty)
(c:/TeXLive/2021/texmf-dist/tex/generic/pdfescape/pdfescape.sty)
(c:/TeXLive/2021/texmf-dist/tex/latex/hycolor/hycolor.sty)
(c:/TeXLive/2021/texmf-dist/tex/latex/letltxmacro/letltxmacro.sty)
(c:/TeXLive/2021/texmf-dist/tex/latex/auxhook/auxhook.sty)
(c:/TeXLive/2021/texmf-dist/tex/latex/kvoptions/kvoptions.sty)
(c:/TeXLive/2021/texmf-dist/tex/latex/hyperref/pd1enc.def)
(c:/TeXLive/2021/texmf-dist/tex/latex/hyperref/hyperref-langpatches.def)
(c:/TeXLive/2021/texmf-dist/tex/generic/intcalc/intcalc.sty)
(c:/TeXLive/2021/texmf-dist/tex/generic/etexcmds/etexcmds.sty)
(c:/TeXLive/2021/texmf-dist/tex/latex/hyperref/puenc.def)
(c:/TeXLive/2021/texmf-dist/tex/generic/bitset/bitset.sty
(c:/TeXLive/2021/texmf-dist/tex/generic/bigintcalc/bigintcalc.sty))
(c:/TeXLive/2021/texmf-dist/tex/latex/base/atbegshi-ltx.sty))
(c:/TeXLive/2021/texmf-dist/tex/latex/hyperref/hpdftex.def
(c:/TeXLive/2021/texmf-dist/tex/latex/base/atveryend-ltx.sty)
(c:/TeXLive/2021/texmf-dist/tex/latex/rerunfilecheck/rerunfilecheck.sty
(c:/TeXLive/2021/texmf-dist/tex/generic/uniquecounter/uniquecounter.sty)))

Package hyperref Warning: Option `hyperindex' has already been used,
(hyperref)                setting the option has no effect on input line 377.


Package hyperref Warning: Option `pagebackref' has already been used,
(hyperref)                setting the option has no effect on input line 377.

) (c:/TeXLive/2021/texmf-dist/tex/latex/base/makeidx.sty)
(c:/TeXLive/2021/texmf-dist/tex/latex/base/inputenc.sty)
Writing index file Rd2.idx
(c:/TeXLive/2021/texmf-dist/tex/latex/psnfss/t1ptm.fd)
(c:/TeXLive/2021/texmf-dist/tex/latex/l3backend/l3backend-pdftex.def)
(./Rd2.aux) (c:/TeXLive/2021/texmf-dist/tex/context/base/mkii/supp-pdf.mkii
[Loading MPS to PDF converter (version 2006.09.02).]
) (c:/TeXLive/2021/texmf-dist/tex/latex/hyperref/nameref.sty
(c:/TeXLive/2021/texmf-dist/tex/latex/refcount/refcount.sty)
(c:/TeXLive/2021/texmf-dist/tex/generic/gettitlestring/gettitlestring.sty))
(./Rd2.out) (./Rd2.out)
(c:/TeXLive/2021/texmf-dist/tex/latex/inconsolata/t1zi4.fd)
(c:/TeXLive/2021/texmf-dist/tex/latex/psnfss/t1phv.fd) (./Rd2.toc [1{c:/TeXLive
/2021/texmf-var/fonts/map/pdftex/updmap/pdftex.map}]) [2]
(c:/TeXLive/2021/texmf-dist/tex/latex/inconsolata/ts1zi4.fd) [3]
Overfull \hbox (9.03893pt too wide) in paragraph at lines 142--150
\T1/ptm/m/n/10 used when lower and/or up-per con-straints are set us-ing \TS1/z
i4/m/n/10 '\T1/zi4/m/n/10 init.lo\TS1/zi4/m/n/10 ' \T1/ptm/m/n/10 and \TS1/zi4/
m/n/10 '\T1/zi4/m/n/10 init.hi\TS1/zi4/m/n/10 '\T1/ptm/m/n/10 .

Overfull \hbox (16.49011pt too wide) in paragraph at lines 221--244
\T1/zi4/m/n/10 "CG"\T1/ptm/m/n/10 , \T1/zi4/m/n/10 "L-BFGS-B"\T1/ptm/m/n/10 , \
T1/zi4/m/n/10 "nlminb"\T1/ptm/m/n/10 , \T1/zi4/m/n/10 "Rcgmin"\T1/ptm/m/n/10 , 
\T1/zi4/m/n/10 "Rvmmin" \T1/ptm/m/n/10 and \T1/zi4/m/n/10 "hjn"\T1/ptm/m/n/10 .
 The de-fault method is \T1/zi4/m/n/10 "Nelder-Mead"\T1/ptm/m/n/10 .

Overfull \hbox (10.76839pt too wide) in paragraph at lines 221--244
\T1/ptm/m/n/10 ta-tion of the like-li-hood func-tion. The ar-gu-ment \TS1/zi4/m
/n/10 '\T1/zi4/m/n/10 optim.control\TS1/zi4/m/n/10 ' \T1/ptm/m/n/10 ac-cepts a 
list of \T1/zi4/m/n/10 optimr::optimr()
[4]
Overfull \hbox (8.21799pt too wide) in paragraph at lines 245--257
\T1/zi4/m/n/10 "random" \T1/ptm/m/n/10 draws ran-dom start-ing val-ues from a s
tan-dard nor-mal dis-tri-bu-tion. The method \T1/zi4/m/n/10 "constant"

Overfull \hbox (14.10739pt too wide) in paragraph at lines 258--266
\TS1/zi4/m/n/10 '\T1/zi4/m/n/10 init-hi\TS1/zi4/m/n/10 '\T1/ptm/m/n/10 , these 
de-fault lim-its are re-placed with the user-specified val-ues, and the method 
\T1/zi4/m/n/10 "L-BFGS-B"

Underfull \hbox (badness 10000) in paragraph at lines 287--289


Underfull \hbox (badness 10000) in paragraph at lines 290--293


Underfull \hbox (badness 10000) in paragraph at lines 294--298

[5]
Underfull \hbox (badness 10000) in paragraph at lines 386--389

[6]
Underfull \hbox (badness 10000) in paragraph at lines 394--397

[7]
Overfull \hbox (3.448pt too wide) in paragraph at lines 487--491
\T1/ptm/m/n/10 clud-ing re-gres-sion co-ef-fi-cients in dif-fer-ent com-po-nent
s (e.g. "Comp1", "Comp2",

Overfull \hbox (9.03893pt too wide) in paragraph at lines 499--507
\T1/ptm/m/n/10 used when lower and/or up-per con-straints are set us-ing \TS1/z
i4/m/n/10 '\T1/zi4/m/n/10 init.lo\TS1/zi4/m/n/10 ' \T1/ptm/m/n/10 and \TS1/zi4/
m/n/10 '\T1/zi4/m/n/10 init.hi\TS1/zi4/m/n/10 '\T1/ptm/m/n/10 .
[8] [9]
Overfull \hbox (3.448pt too wide) in paragraph at lines 627--631
\T1/ptm/m/n/10 clud-ing re-gres-sion co-ef-fi-cients in dif-fer-ent com-po-nent
s (e.g. "Comp1", "Comp2",

Overfull \hbox (9.03893pt too wide) in paragraph at lines 634--642
\T1/ptm/m/n/10 used when lower and/or up-per con-straints are set us-ing \TS1/z
i4/m/n/10 '\T1/zi4/m/n/10 init.lo\TS1/zi4/m/n/10 ' \T1/ptm/m/n/10 and \TS1/zi4/
m/n/10 '\T1/zi4/m/n/10 init.hi\TS1/zi4/m/n/10 '\T1/ptm/m/n/10 .
[10]
Overfull \hbox (3.448pt too wide) in paragraph at lines 719--723
\T1/ptm/m/n/10 clud-ing re-gres-sion co-ef-fi-cients in dif-fer-ent com-po-nent
s (e.g. "Comp1", "Comp2",
[11]
Overfull \hbox (3.448pt too wide) in paragraph at lines 765--769
\T1/ptm/m/n/10 clud-ing re-gres-sion co-ef-fi-cients in dif-fer-ent com-po-nent
s (e.g. "Comp1", "Comp2",
[12]
Overfull \hbox (3.448pt too wide) in paragraph at lines 861--865
\T1/ptm/m/n/10 clud-ing re-gres-sion co-ef-fi-cients in dif-fer-ent com-po-nent
s (e.g. "Comp1", "Comp2",

Overfull \hbox (9.03893pt too wide) in paragraph at lines 873--881
\T1/ptm/m/n/10 used when lower and/or up-per con-straints are set us-ing \TS1/z
i4/m/n/10 '\T1/zi4/m/n/10 init.lo\TS1/zi4/m/n/10 ' \T1/ptm/m/n/10 and \TS1/zi4/
m/n/10 '\T1/zi4/m/n/10 init.hi\TS1/zi4/m/n/10 '\T1/ptm/m/n/10 .
[13] [14]
Overfull \hbox (9.03893pt too wide) in paragraph at lines 983--991
\T1/ptm/m/n/10 used when lower and/or up-per con-straints are set us-ing \TS1/z
i4/m/n/10 '\T1/zi4/m/n/10 init.lo\TS1/zi4/m/n/10 ' \T1/ptm/m/n/10 and \TS1/zi4/
m/n/10 '\T1/zi4/m/n/10 init.hi\TS1/zi4/m/n/10 '\T1/ptm/m/n/10 .
[15]
Overfull \hbox (3.448pt too wide) in paragraph at lines 1014--1018
\T1/ptm/m/n/10 clud-ing re-gres-sion co-ef-fi-cients in dif-fer-ent com-po-nent
s (e.g. "Comp1", "Comp2",

Overfull \hbox (8.21799pt too wide) in paragraph at lines 1024--1035
\T1/zi4/m/n/10 "random" \T1/ptm/m/n/10 draws ran-dom start-ing val-ues from a s
tan-dard nor-mal dis-tri-bu-tion. The method \T1/zi4/m/n/10 "constant"

Overfull \hbox (14.10739pt too wide) in paragraph at lines 1036--1044
\TS1/zi4/m/n/10 '\T1/zi4/m/n/10 init-hi\TS1/zi4/m/n/10 '\T1/ptm/m/n/10 , these 
de-fault lim-its are re-placed with the user-specified val-ues, and the method 
\T1/zi4/m/n/10 "L-BFGS-B"

Overfull \hbox (18.3789pt too wide) in paragraph at lines 1063--1067
[]\T1/zi4/m/n/10 aldvmm::aldvmm.ll() \T1/ptm/m/n/10 cal-cu-lates the neg-a-tive
 log-likelihood of \TS1/zi4/m/n/10 '\T1/zi4/m/n/10 data\TS1/zi4/m/n/10 ' \T1/pt
m/m/n/10 sup-plied to \T1/zi4/m/n/10 aldvmm::aldvmm()
[16]
Overfull \hbox (3.448pt too wide) in paragraph at lines 1125--1129
\T1/ptm/m/n/10 clud-ing re-gres-sion co-ef-fi-cients in dif-fer-ent com-po-nent
s (e.g. "Comp1", "Comp2",

Overfull \hbox (9.03893pt too wide) in paragraph at lines 1132--1140
\T1/ptm/m/n/10 used when lower and/or up-per con-straints are set us-ing \TS1/z
i4/m/n/10 '\T1/zi4/m/n/10 init.lo\TS1/zi4/m/n/10 ' \T1/ptm/m/n/10 and \TS1/zi4/
m/n/10 '\T1/zi4/m/n/10 init.hi\TS1/zi4/m/n/10 '\T1/ptm/m/n/10 .
[17]
Underfull \hbox (badness 10000) in paragraph at lines 1163--1166


Overfull \hbox (0.36784pt too wide) in paragraph at lines 1171--1174
[]\T1/zi4/m/n/10 aldvmm::aldvmm.mm() \T1/ptm/m/n/10 cre-ates de-sign ma-tri-ces
 for re-gres-sions of com-po-nent dis-tri-bu-tions (\T1/zi4/m/n/10 "beta"\T1/pt
m/m/n/10 )
[18] [19]
Overfull \hbox (3.448pt too wide) in paragraph at lines 1295--1299
\T1/ptm/m/n/10 clud-ing re-gres-sion co-ef-fi-cients in dif-fer-ent com-po-nent
s (e.g. "Comp1", "Comp2",
[20]
Overfull \hbox (3.448pt too wide) in paragraph at lines 1416--1420
\T1/ptm/m/n/10 clud-ing re-gres-sion co-ef-fi-cients in dif-fer-ent com-po-nent
s (e.g. "Comp1", "Comp2",
[21]
Underfull \hbox (badness 10000) in paragraph at lines 1455--1458

[22]
Overfull \hbox (50.20859pt too wide) in paragraph at lines 1500--1503
[]\T1/ptm/m/n/10 a named nu-meric vec-tor of stan-dard er-rors of pa-ram-e-ters
 re-turned by \T1/zi4/m/n/10 aldvmm::aldvmm.cv()\T1/ptm/m/n/10 . 

Overfull \hbox (58.54836pt too wide) in paragraph at lines 1512--1515
[]\T1/ptm/m/n/10 a named nu-meric vec-tor of 95% lower lim-its of pa-ram-e-ters
 re-turned by \T1/zi4/m/n/10 aldvmm::aldvmm.cv()\T1/ptm/m/n/10 . 

Overfull \hbox (58.7985pt too wide) in paragraph at lines 1516--1519
[]\T1/ptm/m/n/10 a named nu-meric vec-tor of 95% up-per lim-its of pa-ram-e-ter
s re-turned by \T1/zi4/m/n/10 aldvmm::aldvmm.cv()\T1/ptm/m/n/10 . 

Overfull \hbox (41.69777pt too wide) in paragraph at lines 1528--1531
[]\T1/ptm/m/n/10 a nu-meric value of the Akaike in-for-ma-tion cri-te-rion (AIC
) re-turned by \T1/zi4/m/n/10 aldvmm::aldvmm()\T1/ptm/m/n/10 . 

Overfull \hbox (49.0275pt too wide) in paragraph at lines 1532--1535
[]\T1/ptm/m/n/10 a nu-meric value of the Bayesian in-for-ma-tion cri-te-rion (B
IC) re-turned by \T1/zi4/m/n/10 aldvmm::aldvmm()\T1/ptm/m/n/10 . 

Overfull \hbox (3.448pt too wide) in paragraph at lines 1551--1555
\T1/ptm/m/n/10 clud-ing re-gres-sion co-ef-fi-cients in dif-fer-ent com-po-nent
s (e.g. "Comp1", "Comp2",
[23] [24] (./Rd2.ind [25] [26]) (./Rd2.aux) )
(see the transcript file for additional information){c:/TeXLive/2021/texmf-dist
/fonts/enc/dvips/inconsolata/i4-ts1.enc}{c:/TeXLive/2021/texmf-dist/fonts/enc/d
vips/base/8r.enc}{c:/TeXLive/2021/texmf-dist/fonts/enc/dvips/inconsolata/i4-t1-
0.enc}<c:/TeXLive/2021/texmf-dist/fonts/type1/public/inconsolata/Inconsolata-zi
4r.pfb><c:/TeXLive/2021/texmf-dist/fonts/type1/public/amsfonts/cm/cmex10.pfb><c
:/TeXLive/2021/texmf-dist/fonts/type1/public/amsfonts/cm/cmmi10.pfb><c:/TeXLive
/2021/texmf-dist/fonts/type1/public/amsfonts/cm/cmmi7.pfb><c:/TeXLive/2021/texm
f-dist/fonts/type1/public/amsfonts/cm/cmr10.pfb><c:/TeXLive/2021/texmf-dist/fon
ts/type1/public/amsfonts/cm/cmr7.pfb><c:/TeXLive/2021/texmf-dist/fonts/type1/pu
blic/amsfonts/cm/cmsy10.pfb><c:/TeXLive/2021/texmf-dist/fonts/type1/urw/helveti
c/uhvr8a.pfb><c:/TeXLive/2021/texmf-dist/fonts/type1/urw/times/utmb8a.pfb><c:/T
eXLive/2021/texmf-dist/fonts/type1/urw/times/utmr8a.pfb><c:/TeXLive/2021/texmf-
dist/fonts/type1/urw/times/utmr8a.pfb><c:/TeXLive/2021/texmf-dist/fonts/type1/u
rw/times/utmri8a.pfb>
Output written on Rd2.pdf (26 pages, 197152 bytes).
Transcript written on Rd2.log.
Saving output to 'aldvmm-manual.pdf' ...
Done
You may want to clean up by 'rm -Rf C:/Users/phm1/AppData/Local/Temp/RtmpQtxJ1R/Rd2pdf213819c9462f'
